{"numTotalTestSuites":156,"numPassedTestSuites":156,"numFailedTestSuites":0,"numPendingTestSuites":0,"numTotalTests":358,"numPassedTests":358,"numFailedTests":0,"numPendingTests":0,"numTodoTests":0,"snapshot":{"added":0,"failure":false,"filesAdded":0,"filesRemoved":0,"filesRemovedList":[],"filesUnmatched":0,"filesUpdated":0,"matched":0,"total":0,"unchecked":0,"uncheckedKeysByFile":[],"unmatched":0,"updated":0,"didUpdate":false},"startTime":1790437020192,"success":true,"testResults":[{"assertionResults":[{"ancestorTitles":["addonDisplay"],"fullName":"addonDisplay getAddonForId finds the group by id","status":"passed","title":"getAddonForId finds the group by id","duration":3.781500000000051,"failureMessages":[],"meta":{}},{"ancestorTitles":["addonDisplay"],"fullName":"addonDisplay resolveAddOnLines renders checkbox & radio selections with prices","status":"passed","title":"resolveAddOnLines renders checkbox & radio selections with prices","duration":10.971700000000055,"failureMessages":[],"meta":{}},{"ancestorTitles":["addonDisplay"],"fullName":"addonDisplay text-type add-ons render note and cost one unit","status":"passed","title":"text-type add-ons render note and cost one unit","duration":1.0718999999999141,"failureMessages":[],"meta":{}},{"ancestorTitles":["addonDisplay"],"fullName":"addonDisplay empty selections are skipped (radio/checkbox)","status":"passed","title":"empty selections are skipped (radio/checkbox)","duration":0.5362000000004628,"failureMessages":[],"meta":{}},{"ancestorTitles":["addonDisplay"],"fullName":"addonDisplay addOnTotalFor sums the add-on estimate","status":"passed","title":"addOnTotalFor sums the add-on estimate","duration":0.5255999999999403,"failureMessages":[],"meta":{}},{"ancestorTitles":["addonDisplay"],"fullName":"addonDisplay addOnSummaryText produces a readable one-liner","status":"passed","title":"addOnSummaryText produces a readable one-liner","duration":1.0929999999998472,"failureMessages":[],"meta":{}},{"ancestorTitles":["addonDisplay"],"fullName":"addonDisplay addOnLinesFromChoices supports order snapshots without full product","status":"passed","title":"addOnLinesFromChoices supports order snapshots without full product","duration":0.6055999999998676,"failureMessages":[],"meta":{}}],"startTime":1790437042992,"endTime":1790437043010.6057,"status":"passed","message":"","name":"D:/A PROJECT/Bite Me Baby/src/__tests__/addonDisplay.test.ts"},{"assertionResults":[{"ancestorTitles":["adminUi — role-based admin link"],"fullName":"adminUi — role-based admin link opens for any admin role regardless of email","status":"passed","title":"opens for any admin role regardless of email","duration":7.066899999999805,"failureMessages":[],"meta":{}},{"ancestorTitles":["adminUi — role-based admin link"],"fullName":"adminUi — role-based admin link keeps the legacy seeded admin emails as a fallback","status":"passed","title":"keeps the legacy seeded admin emails as a fallback","duration":0.9948000000003958,"failureMessages":[],"meta":{}},{"ancestorTitles":["adminUi — role-based admin link"],"fullName":"adminUi — role-based admin link stays closed for ordinary customers","status":"passed","title":"stays closed for ordinary customers","duration":0.9033000000008542,"failureMessages":[],"meta":{}},{"ancestorTitles":["adminUi — category heading slug + image source validation"],"fullName":"adminUi — category heading slug + image source validation slugifies category heading names","status":"passed","title":"slugifies category heading names","duration":1.0967000000000553,"failureMessages":[],"meta":{}},{"ancestorTitles":["adminUi — category heading slug + image source validation"],"fullName":"adminUi — category heading slug + image source validation falls back to a unique slug for non-latin headings","status":"passed","title":"falls back to a unique slug for non-latin headings","duration":1.2307000000000698,"failureMessages":[],"meta":{}},{"ancestorTitles":["adminUi — category heading slug + image source validation"],"fullName":"adminUi — category heading slug + image source validation accepts data-URL uploads and http(s) image sources only","status":"passed","title":"accepts data-URL uploads and http(s) image sources only","duration":1.4607999999998356,"failureMessages":[],"meta":{}},{"ancestorTitles":["adminUi — admin navigation catalogue"],"fullName":"adminUi — admin navigation catalogue covers dashboard, products, media and content approvals","status":"passed","title":"covers dashboard, products, media and content approvals","duration":3.5298000000002503,"failureMessages":[],"meta":{}},{"ancestorTitles":["PHASE 6 — category CRUD via admin API (Supabase mock)"],"fullName":"PHASE 6 — category CRUD via admin API (Supabase mock) creates, renames and deletes a category heading","status":"passed","title":"creates, renames and deletes a category heading","duration":8.783499999999549,"failureMessages":[],"meta":{}},{"ancestorTitles":["PHASE 7 — CNT-01 content approval gate"],"fullName":"PHASE 7 — CNT-01 content approval gate submits banner content for approval and opens the gate only after approval","status":"passed","title":"submits banner content for approval and opens the gate only after approval","duration":9.289200000000164,"failureMessages":[],"meta":{}},{"ancestorTitles":["PHASE 7 — CNT-01 content approval gate"],"fullName":"PHASE 7 — CNT-01 content approval gate keeps the publish gate closed for anything not approved","status":"passed","title":"keeps the publish gate closed for anything not approved","duration":1.3128999999998996,"failureMessages":[],"meta":{}},{"ancestorTitles":["PHASE 7 — CNT-01 content approval gate"],"fullName":"PHASE 7 — CNT-01 content approval gate saving a banner promotion routes it through the approval workflow","status":"passed","title":"saving a banner promotion routes it through the approval workflow","duration":4.655699999999342,"failureMessages":[],"meta":{}}],"startTime":1790437032282,"endTime":1790437032323.6558,"status":"passed","message":"","name":"D:/A PROJECT/Bite Me Baby/src/__tests__/adminUi.test.ts"},{"assertionResults":[{"ancestorTitles":["validateUserPrompt (AI-02 — injection/money-override rejection)"],"fullName":"validateUserPrompt (AI-02 — injection/money-override rejection) allows normal customer questions","status":"passed","title":"allows normal customer questions","duration":9.04030000000057,"failureMessages":[],"meta":{}},{"ancestorTitles":["validateUserPrompt (AI-02 — injection/money-override rejection)"],"fullName":"validateUserPrompt (AI-02 — injection/money-override rejection) rejects direct prompt injection (ignore instructions)","status":"passed","title":"rejects direct prompt injection (ignore instructions)","duration":0.9805000000005748,"failureMessages":[],"meta":{}},{"ancestorTitles":["validateUserPrompt (AI-02 — injection/money-override rejection)"],"fullName":"validateUserPrompt (AI-02 — injection/money-override rejection) rejects role-swap injection","status":"passed","title":"rejects role-swap injection","duration":0.5056000000004133,"failureMessages":[],"meta":{}},{"ancestorTitles":["validateUserPrompt (AI-02 — injection/money-override rejection)"],"fullName":"validateUserPrompt (AI-02 — injection/money-override rejection) rejects stock/price/order/payment overrides","status":"passed","title":"rejects stock/price/order/payment overrides","duration":1.0333000000000538,"failureMessages":[],"meta":{}},{"ancestorTitles":["assertReadOnlyTool (AI-02 — tools are read-only)"],"fullName":"assertReadOnlyTool (AI-02 — tools are read-only) allows all registered read tools","status":"passed","title":"allows all registered read tools","duration":1.0583000000005995,"failureMessages":[],"meta":{}},{"ancestorTitles":["assertReadOnlyTool (AI-02 — tools are read-only)"],"fullName":"assertReadOnlyTool (AI-02 — tools are read-only) refuses any non-read tool name","status":"passed","title":"refuses any non-read tool name","duration":1.026600000000144,"failureMessages":[],"meta":{}},{"ancestorTitles":["buildServerGuardrail (AI-02 — immutable server segment)"],"fullName":"buildServerGuardrail (AI-02 — immutable server segment) contains the money/stock non-negotiable rules","status":"passed","title":"contains the money/stock non-negotiable rules","duration":0.7669999999998254,"failureMessages":[],"meta":{}}],"startTime":1790437049513,"endTime":1790437049528.767,"status":"passed","message":"","name":"D:/A PROJECT/Bite Me Baby/src/__tests__/aiGuardrails.test.ts"},{"assertionResults":[{"ancestorTitles":["aiServerMemory (AI-03 — server memory + cross-device merge)"],"fullName":"aiServerMemory (AI-03 — server memory + cross-device merge) persists then reloads the same memory through the RPC (round-trip)","status":"passed","title":"persists then reloads the same memory through the RPC (round-trip)","duration":183.15909999999985,"failureMessages":[],"meta":{}},{"ancestorTitles":["aiServerMemory (AI-03 — server memory + cross-device merge)"],"fullName":"aiServerMemory (AI-03 — server memory + cross-device merge) flattens local customer memory into the server shape","status":"passed","title":"flattens local customer memory into the server shape","duration":1.305699999999888,"failureMessages":[],"meta":{}},{"ancestorTitles":["aiServerMemory (AI-03 — server memory + cross-device merge)"],"fullName":"aiServerMemory (AI-03 — server memory + cross-device merge) server memory wins over local on merged keys","status":"passed","title":"server memory wins over local on merged keys","duration":1.6021999999993568,"failureMessages":[],"meta":{}}],"startTime":1790437026107,"endTime":1790437026293.6023,"status":"passed","message":"","name":"D:/A PROJECT/Bite Me Baby/src/__tests__/aiServerMemory.test.ts"},{"assertionResults":[{"ancestorTitles":["Products API"],"fullName":"Products API should get products","status":"passed","title":"should get products","duration":4.458499999999731,"failureMessages":[],"meta":{}},{"ancestorTitles":["Products API"],"fullName":"Products API should get product by id","status":"passed","title":"should get product by id","duration":1.0601999999998952,"failureMessages":[],"meta":{}},{"ancestorTitles":["Products API"],"fullName":"Products API should create product","status":"passed","title":"should create product","duration":1.0321999999996478,"failureMessages":[],"meta":{}},{"ancestorTitles":["Products API"],"fullName":"Products API should update product","status":"passed","title":"should update product","duration":0.9831000000003769,"failureMessages":[],"meta":{}},{"ancestorTitles":["Products API"],"fullName":"Products API should delete product","status":"passed","title":"should delete product","duration":1.0276999999996406,"failureMessages":[],"meta":{}},{"ancestorTitles":["Categories API"],"fullName":"Categories API should get categories","status":"passed","title":"should get categories","duration":0.7201999999997497,"failureMessages":[],"meta":{}},{"ancestorTitles":["Categories API"],"fullName":"Categories API should have required fields","status":"passed","title":"should have required fields","duration":0.912199999999757,"failureMessages":[],"meta":{}},{"ancestorTitles":["Orders API"],"fullName":"Orders API should get orders","status":"passed","title":"should get orders","duration":1.304399999999987,"failureMessages":[],"meta":{}},{"ancestorTitles":["Orders API"],"fullName":"Orders API should create order via server-authoritative RPC (INPUT ONLY)","status":"passed","title":"should create order via server-authoritative RPC (INPUT ONLY)","duration":6.68539999999939,"failureMessages":[],"meta":{}},{"ancestorTitles":["Orders API"],"fullName":"Orders API should update order status","status":"passed","title":"should update order status","duration":15.687799999999697,"failureMessages":[],"meta":{}},{"ancestorTitles":["P0-4 Server-authoritative order (create_order_with_items)"],"fullName":"P0-4 Server-authoritative order (create_order_with_items) ignores client-supplied financial fields (price/subtotal/total tamper)","status":"passed","title":"ignores client-supplied financial fields (price/subtotal/total tamper)","duration":0.9008000000003449,"failureMessages":[],"meta":{}},{"ancestorTitles":["P0-4 Server-authoritative order (create_order_with_items)"],"fullName":"P0-4 Server-authoritative order (create_order_with_items) uses current DB price when products.price changes (no client price)","status":"passed","title":"uses current DB price when products.price changes (no client price)","duration":0.7384000000001834,"failureMessages":[],"meta":{}},{"ancestorTitles":["P0-4 Server-authoritative order (create_order_with_items)"],"fullName":"P0-4 Server-authoritative order (create_order_with_items) rejects inactive product (ERR_PRODUCT_UNAVAILABLE)","status":"passed","title":"rejects inactive product (ERR_PRODUCT_UNAVAILABLE)","duration":0.7011000000002241,"failureMessages":[],"meta":{}},{"ancestorTitles":["P0-4 Server-authoritative order (create_order_with_items)"],"fullName":"P0-4 Server-authoritative order (create_order_with_items) rejects nonexistent product (ERR_PRODUCT_NOT_FOUND)","status":"passed","title":"rejects nonexistent product (ERR_PRODUCT_NOT_FOUND)","duration":0.48440000000027794,"failureMessages":[],"meta":{}},{"ancestorTitles":["P0-4 Server-authoritative order (create_order_with_items)"],"fullName":"P0-4 Server-authoritative order (create_order_with_items) rejects invalid quantity 0 / negative / >1000 (ERR_INVALID_QUANTITY)","status":"passed","title":"rejects invalid quantity 0 / negative / >1000 (ERR_INVALID_QUANTITY)","duration":1.0601999999998952,"failureMessages":[],"meta":{}},{"ancestorTitles":["P0-4 Server-authoritative order — capacity & atomicity"],"fullName":"P0-4 Server-authoritative order — capacity & atomicity rejects when round is full (ERR_CAPACITY_FULL) — no overselling","status":"passed","title":"rejects when round is full (ERR_CAPACITY_FULL) — no overselling","duration":1.1520000000000437,"failureMessages":[],"meta":{}},{"ancestorTitles":["P0-4 Server-authoritative order — capacity & atomicity"],"fullName":"P0-4 Server-authoritative order — capacity & atomicity rejects unknown / closed round (ERR_ROUND_NOT_FOUND / ERR_ROUND_CLOSED)","status":"passed","title":"rejects unknown / closed round (ERR_ROUND_NOT_FOUND / ERR_ROUND_CLOSED)","duration":0.935099999999693,"failureMessages":[],"meta":{}},{"ancestorTitles":["P0-4 Server-authoritative order — capacity & atomicity"],"fullName":"P0-4 Server-authoritative order — capacity & atomicity rejects empty order and missing customer name","status":"passed","title":"rejects empty order and missing customer name","duration":0.6657999999997628,"failureMessages":[],"meta":{}},{"ancestorTitles":["P0-4 Server-authoritative order — capacity & atomicity"],"fullName":"P0-4 Server-authoritative order — capacity & atomicity applies authoritative promotion discount from promotions table only","status":"passed","title":"applies authoritative promotion discount from promotions table only","duration":0.7604000000001179,"failureMessages":[],"meta":{}},{"ancestorTitles":["P0-4 Server-authoritative order — capacity & atomicity"],"fullName":"P0-4 Server-authoritative order — capacity & atomicity atomicity: failed creation persists NO order and NO order_items (no orphans)","status":"passed","title":"atomicity: failed creation persists NO order and NO order_items (no orphans)","duration":1.1317999999992026,"failureMessages":[],"meta":{}},{"ancestorTitles":["Storage Layer"],"fullName":"Storage Layer should set and get values","status":"passed","title":"should set and get values","duration":1.9898999999995794,"failureMessages":[],"meta":{}},{"ancestorTitles":["Storage Layer"],"fullName":"Storage Layer should return default value if key not found","status":"passed","title":"should return default value if key not found","duration":0.37959999999930005,"failureMessages":[],"meta":{}},{"ancestorTitles":["Storage Layer"],"fullName":"Storage Layer should clear storage","status":"passed","title":"should clear storage","duration":0.6766000000006898,"failureMessages":[],"meta":{}},{"ancestorTitles":["Cart Store"],"fullName":"Cart Store should add item to cart","status":"passed","title":"should add item to cart","duration":73.07030000000032,"failureMessages":[],"meta":{}},{"ancestorTitles":["Cart Store"],"fullName":"Cart Store should clear cart","status":"passed","title":"should clear cart","duration":0.6872999999995955,"failureMessages":[],"meta":{}},{"ancestorTitles":["Rewards Store"],"fullName":"Rewards Store should add loyalty points","status":"passed","title":"should add loyalty points","duration":17.28729999999996,"failureMessages":[],"meta":{}},{"ancestorTitles":["Rewards Store"],"fullName":"Rewards Store should redeem points","status":"passed","title":"should redeem points","duration":0.9717999999993481,"failureMessages":[],"meta":{}},{"ancestorTitles":["AI Model A Configuration"],"fullName":"AI Model A Configuration should use Nemotron-3-Ultra 550B (free) as Model A primary with Qwen 3.7 Flash fallback","status":"passed","title":"should use Nemotron-3-Ultra 550B (free) as Model A primary with Qwen 3.7 Flash fallback","duration":0.3065999999998894,"failureMessages":[],"meta":{}},{"ancestorTitles":["AI Model A Configuration"],"fullName":"AI Model A Configuration chatWithAI should fall back to Qwen 3.7 Flash when Nemotron-3-Ultra 550B (free) fails (via ai-proxy EF)","status":"passed","title":"chatWithAI should fall back to Qwen 3.7 Flash when Nemotron-3-Ultra 550B (free) fails (via ai-proxy EF)","duration":147.64000000000033,"failureMessages":[],"meta":{}},{"ancestorTitles":["External Delivery Providers — offline sandbox logic"],"fullName":"External Delivery Providers — offline sandbox logic calculates provider cost from base + distance + item fee","status":"passed","title":"calculates provider cost from base + distance + item fee","duration":25.000200000000405,"failureMessages":[],"meta":{}},{"ancestorTitles":["External Delivery Providers — offline sandbox logic"],"fullName":"External Delivery Providers — offline sandbox logic returns -1 when distance is outside provider range","status":"passed","title":"returns -1 when distance is outside provider range","duration":0.7188999999998487,"failureMessages":[],"meta":{}},{"ancestorTitles":["External Delivery Providers — offline sandbox logic"],"fullName":"External Delivery Providers — offline sandbox logic selects the cheapest provider within coverage","status":"passed","title":"selects the cheapest provider within coverage","duration":1.1955000000007203,"failureMessages":[],"meta":{}},{"ancestorTitles":["External Delivery Providers — offline sandbox logic"],"fullName":"External Delivery Providers — offline sandbox logic returns null when no provider covers the dropoff","status":"passed","title":"returns null when no provider covers the dropoff","duration":0.6612000000004628,"failureMessages":[],"meta":{}},{"ancestorTitles":["External Delivery Providers — offline sandbox logic"],"fullName":"External Delivery Providers — offline sandbox logic creates an accepted provider order (sandbox persist)","status":"passed","title":"creates an accepted provider order (sandbox persist)","duration":1.0694000000003143,"failureMessages":[],"meta":{}},{"ancestorTitles":["Pre-order API — canonical creation through create_order_with_items (Phase 3B)"],"fullName":"Pre-order API — canonical creation through create_order_with_items (Phase 3B) creates a PRE_ORDER canonical order with a PO- order number","status":"passed","title":"creates a PRE_ORDER canonical order with a PO- order number","duration":2.294300000000476,"failureMessages":[],"meta":{}},{"ancestorTitles":["Pre-order API — canonical creation through create_order_with_items (Phase 3B)"],"fullName":"Pre-order API — canonical creation through create_order_with_items (Phase 3B) the created PRE_ORDER row lives in canonical orders (mode + scheduled_date)","status":"passed","title":"the created PRE_ORDER row lives in canonical orders (mode + scheduled_date)","duration":49.87089999999989,"failureMessages":[],"meta":{}}],"startTime":1790437026339,"endTime":1790437026706.8708,"status":"passed","message":"","name":"D:/A PROJECT/Bite Me Baby/src/__tests__/api.test.ts"},{"assertionResults":[{"ancestorTitles":["availabilityEngine — Truth Table (quota & cutoff)"],"fullName":"availabilityEngine — Truth Table (quota & cutoff) is available when quota is open and target is far enough ahead","status":"passed","title":"is available when quota is open and target is far enough ahead","duration":4.691600000000108,"failureMessages":[],"meta":{}},{"ancestorTitles":["availabilityEngine — Truth Table (quota & cutoff)"],"fullName":"availabilityEngine — Truth Table (quota & cutoff) blocks when the daily quota ceiling is reached (quota_full)","status":"passed","title":"blocks when the daily quota ceiling is reached (quota_full)","duration":0.7605999999996129,"failureMessages":[],"meta":{}},{"ancestorTitles":["availabilityEngine — Truth Table (quota & cutoff)"],"fullName":"availabilityEngine — Truth Table (quota & cutoff) blocks when the cutoff lead time is not met (cutoff_passed)","status":"passed","title":"blocks when the cutoff lead time is not met (cutoff_passed)","duration":0.8288000000002285,"failureMessages":[],"meta":{}},{"ancestorTitles":["availabilityEngine — Truth Table (quota & cutoff)"],"fullName":"availabilityEngine — Truth Table (quota & cutoff) convenience helper matches the boolean contract","status":"passed","title":"convenience helper matches the boolean contract","duration":0.7901000000001659,"failureMessages":[],"meta":{}},{"ancestorTitles":["availabilityEngine — Truth Table (quota & cutoff)"],"fullName":"availabilityEngine — Truth Table (quota & cutoff) warns when the quota is near the ceiling","status":"passed","title":"warns when the quota is near the ceiling","duration":1.0819000000001324,"failureMessages":[],"meta":{}}],"startTime":1790437056322,"endTime":1790437056330.0818,"status":"passed","message":"","name":"D:/A PROJECT/Bite Me Baby/src/__tests__/availabilityEngine.test.ts"},{"assertionResults":[{"ancestorTitles":["useBiteAIStore — 4-Stage Mascot Service"],"fullName":"useBiteAIStore — 4-Stage Mascot Service starts in the ambient stage, not greeted","status":"passed","title":"starts in the ambient stage, not greeted","duration":5.0473000000001775,"failureMessages":[],"meta":{}},{"ancestorTitles":["useBiteAIStore — 4-Stage Mascot Service"],"fullName":"useBiteAIStore — 4-Stage Mascot Service Stage 1: firstInteraction enables the greeting flag once","status":"passed","title":"Stage 1: firstInteraction enables the greeting flag once","duration":0.8090999999994892,"failureMessages":[],"meta":{}},{"ancestorTitles":["useBiteAIStore — 4-Stage Mascot Service"],"fullName":"useBiteAIStore — 4-Stage Mascot Service Stage 2: pushes an upsell prompt when below the free-shipping margin","status":"passed","title":"Stage 2: pushes an upsell prompt when below the free-shipping margin","duration":1.0781000000006316,"failureMessages":[],"meta":{}},{"ancestorTitles":["useBiteAIStore — 4-Stage Mascot Service"],"fullName":"useBiteAIStore — 4-Stage Mascot Service Stage 2: congrats when the cart already meets the free-shipping margin","status":"passed","title":"Stage 2: congrats when the cart already meets the free-shipping margin","duration":0.595299999999952,"failureMessages":[],"meta":{}},{"ancestorTitles":["useBiteAIStore — 4-Stage Mascot Service"],"fullName":"useBiteAIStore — 4-Stage Mascot Service Stage 3: triggerMicroHook switches stage and sets a quota warning bubble","status":"passed","title":"Stage 3: triggerMicroHook switches stage and sets a quota warning bubble","duration":0.6440000000002328,"failureMessages":[],"meta":{}},{"ancestorTitles":["useBiteAIStore — 4-Stage Mascot Service"],"fullName":"useBiteAIStore — 4-Stage Mascot Service Stage 4: openChat enters full-screen mode and pipes the UI context","status":"passed","title":"Stage 4: openChat enters full-screen mode and pipes the UI context","duration":0.6877999999996973,"failureMessages":[],"meta":{}},{"ancestorTitles":["useBiteAIStore — 4-Stage Mascot Service"],"fullName":"useBiteAIStore — 4-Stage Mascot Service closeChat returns to ambient with a friendly bubble","status":"passed","title":"closeChat returns to ambient with a friendly bubble","duration":0.6778999999996813,"failureMessages":[],"meta":{}},{"ancestorTitles":["useBiteAIStore — 4-Stage Mascot Service"],"fullName":"useBiteAIStore — 4-Stage Mascot Service Security boundary: the ONLY transactional hook is EXECUTE_ADD_TO_CART","status":"passed","title":"Security boundary: the ONLY transactional hook is EXECUTE_ADD_TO_CART","duration":0.4290000000000873,"failureMessages":[],"meta":{}}],"startTime":1790437043300,"endTime":1790437043310.429,"status":"passed","message":"","name":"D:/A PROJECT/Bite Me Baby/src/__tests__/biteAIStore.test.ts"},{"assertionResults":[{"ancestorTitles":["ensure_rounds_for_date — deterministic rounds for the PRE_ORDER date picker"],"fullName":"ensure_rounds_for_date — deterministic rounds for the PRE_ORDER date picker creates deterministic active rounds and is idempotent","status":"passed","title":"creates deterministic active rounds and is idempotent","duration":12.8121000000001,"failureMessages":[],"meta":{}},{"ancestorTitles":["ensure_rounds_for_date — deterministic rounds for the PRE_ORDER date picker"],"fullName":"ensure_rounds_for_date — deterministic rounds for the PRE_ORDER date picker rejects a past date","status":"passed","title":"rejects a past date","duration":0.4643999999998414,"failureMessages":[],"meta":{}},{"ancestorTitles":["cancel_order — canonical cancellation (owner rules)"],"fullName":"cancel_order — canonical cancellation (owner rules) cancels a pending own order and releases round capacity","status":"passed","title":"cancels a pending own order and releases round capacity","duration":2.243600000000697,"failureMessages":[],"meta":{}},{"ancestorTitles":["cancel_order — canonical cancellation (owner rules)"],"fullName":"cancel_order — canonical cancellation (owner rules) is idempotent for an already-cancelled order","status":"passed","title":"is idempotent for an already-cancelled order","duration":0.8585999999995693,"failureMessages":[],"meta":{}},{"ancestorTitles":["cancel_order — canonical cancellation (owner rules)"],"fullName":"cancel_order — canonical cancellation (owner rules) refuses to cancel a non-pending order (window passed semantics)","status":"passed","title":"refuses to cancel a non-pending order (window passed semantics)","duration":0.9481000000005224,"failureMessages":[],"meta":{}},{"ancestorTitles":["server mode gate — client cannot order a product in a forbidden mode"],"fullName":"server mode gate — client cannot order a product in a forbidden mode rejects PRE_ORDER for a same-day-only product","status":"passed","title":"rejects PRE_ORDER for a same-day-only product","duration":0.7584000000006199,"failureMessages":[],"meta":{}},{"ancestorTitles":["server mode gate — client cannot order a product in a forbidden mode"],"fullName":"server mode gate — client cannot order a product in a forbidden mode rejects SAME_DAY for a preorder-only product","status":"passed","title":"rejects SAME_DAY for a preorder-only product","duration":0.8407999999999447,"failureMessages":[],"meta":{}},{"ancestorTitles":["canonical payload hygiene"],"fullName":"canonical payload hygiene server ignores injected client money fields and derives its own totals","status":"passed","title":"server ignores injected client money fields and derives its own totals","duration":1.1781000000000859,"failureMessages":[],"meta":{}},{"ancestorTitles":["§18 tracking — no timer mutates status; refresh reflects server"],"fullName":"§18 tracking — no timer mutates status; refresh reflects server time passing alone never advances order state; only a server transition + refetch does","status":"passed","title":"time passing alone never advances order state; only a server transition + refetch does","duration":5.677099999999882,"failureMessages":[],"meta":{}},{"ancestorTitles":["§18 tracking — no timer mutates status; refresh reflects server"],"fullName":"§18 tracking — no timer mutates status; refresh reflects server the tracking read path is read-only: repeated polls never write rows","status":"passed","title":"the tracking read path is read-only: repeated polls never write rows","duration":21.2479000000003,"failureMessages":[],"meta":{}},{"ancestorTitles":["§18 delivery — forged client distance is input-only; no client money field"],"fullName":"§18 delivery — forged client distance is input-only; no client money field createOrder payload contains ONLY p_* inputs — no fee/total authority keys","status":"passed","title":"createOrder payload contains ONLY p_* inputs — no fee/total authority keys","duration":7.381099999999606,"failureMessages":[],"meta":{}},{"ancestorTitles":["§18 delivery — forged client distance is input-only; no client money field"],"fullName":"§18 delivery — forged client distance is input-only; no client money field forged distance cannot change the submitted order: subtotal stays product-price-derived","status":"passed","title":"forged distance cannot change the submitted order: subtotal stays product-price-derived","duration":0.8256000000001222,"failureMessages":[],"meta":{}},{"ancestorTitles":["§18 payment — COD never paid before delivery; Stripe server-only; retry reuses the order"],"fullName":"§18 payment — COD never paid before delivery; Stripe server-only; retry reuses the order COD order cannot be paid before delivered — confirm is rejected, status stays pending","status":"passed","title":"COD order cannot be paid before delivered — confirm is rejected, status stays pending","duration":1.4390999999995984,"failureMessages":[],"meta":{}},{"ancestorTitles":["§18 payment — COD never paid before delivery; Stripe server-only; retry reuses the order"],"fullName":"§18 payment — COD never paid before delivery; Stripe server-only; retry reuses the order money-out is refused on the client and card checkout only goes through the Edge Function","status":"passed","title":"money-out is refused on the client and card checkout only goes through the Edge Function","duration":1.6819000000004962,"failureMessages":[],"meta":{}},{"ancestorTitles":["§18 payment — COD never paid before delivery; Stripe server-only; retry reuses the order"],"fullName":"§18 payment — COD never paid before delivery; Stripe server-only; retry reuses the order retry after failure creates a new intent for the SAME order — no second order, no cart mutation","status":"passed","title":"retry after failure creates a new intent for the SAME order — no second order, no cart mutation","duration":144.77909999999974,"failureMessages":[],"meta":{}}],"startTime":1790437026248,"endTime":1790437026452.779,"status":"passed","message":"","name":"D:/A PROJECT/Bite Me Baby/src/__tests__/canonicalOrderFlow.test.ts"},{"assertionResults":[{"ancestorTitles":["useCartStore — Cart Isolation Engine"],"fullName":"useCartStore — Cart Isolation Engine sets the order mode on the first addToCart","status":"passed","title":"sets the order mode on the first addToCart","duration":8.788300000000163,"failureMessages":[],"meta":{}},{"ancestorTitles":["useCartStore — Cart Isolation Engine"],"fullName":"useCartStore — Cart Isolation Engine appends matching-mode items without prompting","status":"passed","title":"appends matching-mode items without prompting","duration":3.0969999999997526,"failureMessages":[],"meta":{}},{"ancestorTitles":["useCartStore — Cart Isolation Engine"],"fullName":"useCartStore — Cart Isolation Engine returns needs_confirmation and sets pendingMode on a mode mismatch","status":"passed","title":"returns needs_confirmation and sets pendingMode on a mode mismatch","duration":1.373899999999594,"failureMessages":[],"meta":{}},{"ancestorTitles":["useCartStore — Cart Isolation Engine"],"fullName":"useCartStore — Cart Isolation Engine keeps the current cart when the user cancels the switch","status":"passed","title":"keeps the current cart when the user cancels the switch","duration":1.7313999999996668,"failureMessages":[],"meta":{}},{"ancestorTitles":["useCartStore — Cart Isolation Engine"],"fullName":"useCartStore — Cart Isolation Engine clears the previous cart then switches mode when the user confirms","status":"passed","title":"clears the previous cart then switches mode when the user confirms","duration":1.753299999999399,"failureMessages":[],"meta":{}},{"ancestorTitles":["useCartStore — Cart Isolation Engine"],"fullName":"useCartStore — Cart Isolation Engine addToCart is blocked while a switch is already pending","status":"passed","title":"addToCart is blocked while a switch is already pending","duration":0.8842999999997119,"failureMessages":[],"meta":{}}],"startTime":1790437043846,"endTime":1790437043863.8843,"status":"passed","message":"","name":"D:/A PROJECT/Bite Me Baby/src/__tests__/cartIsolationStore.test.ts"},{"assertionResults":[{"ancestorTitles":["zoneFeeForDistance (DEL-01 — fee จาก delivery_zones)"],"fullName":"zoneFeeForDistance (DEL-01 — fee จาก delivery_zones) picks the zone that contains the distance","status":"passed","title":"picks the zone that contains the distance","duration":3.1446999999998297,"failureMessages":[],"meta":{}},{"ancestorTitles":["zoneFeeForDistance (DEL-01 — fee จาก delivery_zones)"],"fullName":"zoneFeeForDistance (DEL-01 — fee จาก delivery_zones) returns null when no zone covers the distance","status":"passed","title":"returns null when no zone covers the distance","duration":0.6680999999998676,"failureMessages":[],"meta":{}},{"ancestorTitles":["zoneFeeForDistance (DEL-01 — fee จาก delivery_zones)"],"fullName":"zoneFeeForDistance (DEL-01 — fee จาก delivery_zones) §18 tier grid: <1 / 1 / 4.99 / 5 / >5 km (server-zone mirror)","status":"passed","title":"§18 tier grid: <1 / 1 / 4.99 / 5 / >5 km (server-zone mirror)","duration":0.9182000000000698,"failureMessages":[],"meta":{}},{"ancestorTitles":["zoneFeeForDistance (DEL-01 — fee จาก delivery_zones)"],"fullName":"zoneFeeForDistance (DEL-01 — fee จาก delivery_zones) honours is_active=false zones (admin disables a zone → fallthrough to next)","status":"passed","title":"honours is_active=false zones (admin disables a zone → fallthrough to next)","duration":0.3823000000002139,"failureMessages":[],"meta":{}},{"ancestorTitles":["localZoneFee (DEL-01 — offline mirror)"],"fullName":"localZoneFee (DEL-01 — offline mirror) computes server-style fee from drop-off coordinates","status":"passed","title":"computes server-style fee from drop-off coordinates","duration":0.46860000000015134,"failureMessages":[],"meta":{}},{"ancestorTitles":["localZoneFee (DEL-01 — offline mirror)"],"fullName":"localZoneFee (DEL-01 — offline mirror) uses the supplied distance when coordinates are absent","status":"passed","title":"uses the supplied distance when coordinates are absent","duration":0.3728000000000975,"failureMessages":[],"meta":{}}],"startTime":1790437060301,"endTime":1790437060307.4685,"status":"passed","message":"","name":"D:/A PROJECT/Bite Me Baby/src/__tests__/deliveryFeeApi.test.ts"},{"assertionResults":[{"ancestorTitles":["deliveryRouter — Tier 1 Bite Drive (≤ max distance)"],"fullName":"deliveryRouter — Tier 1 Bite Drive (≤ max distance) routes a 3km drop to the own fleet with the flat fee and zero markup","status":"passed","title":"routes a 3km drop to the own fleet with the flat fee and zero markup","duration":5.479500000000371,"failureMessages":[],"meta":{}},{"ancestorTitles":["deliveryRouter — Tier 1 Bite Drive (≤ max distance)"],"fullName":"deliveryRouter — Tier 1 Bite Drive (≤ max distance) treats a drop exactly at the boundary distance as Bite Drive","status":"passed","title":"treats a drop exactly at the boundary distance as Bite Drive","duration":0.6222999999999956,"failureMessages":[],"meta":{}},{"ancestorTitles":["deliveryRouter — Tier 2 third-party (beyond max distance)"],"fullName":"deliveryRouter — Tier 2 third-party (beyond max distance) injects the platform markup on top of the real-time external quote","status":"passed","title":"injects the platform markup on top of the real-time external quote","duration":1.069999999999709,"failureMessages":[],"meta":{}},{"ancestorTitles":["deliveryRouter — Tier 2 third-party (beyond max distance)"],"fullName":"deliveryRouter — Tier 2 third-party (beyond max distance) falls back to an estimator fee when no external quote is supplied","status":"passed","title":"falls back to an estimator fee when no external quote is supplied","duration":0.6766999999999825,"failureMessages":[],"meta":{}},{"ancestorTitles":["deliveryRouter — geometry"],"fullName":"deliveryRouter — geometry Haversine returns ~0 for identical coordinates","status":"passed","title":"Haversine returns ~0 for identical coordinates","duration":0.6082999999998719,"failureMessages":[],"meta":{}},{"ancestorTitles":["deliveryRouter — geometry"],"fullName":"deliveryRouter — geometry Haversine computes a plausible cross-city distance","status":"passed","title":"Haversine computes a plausible cross-city distance","duration":0.7997999999997774,"failureMessages":[],"meta":{}}],"startTime":1790437050348,"endTime":1790437050358.7998,"status":"passed","message":"","name":"D:/A PROJECT/Bite Me Baby/src/__tests__/deliveryRouter.test.ts"},{"assertionResults":[{"ancestorTitles":["useDeliveryRouter — reactive two-tier hub"],"fullName":"useDeliveryRouter — reactive two-tier hub evaluates a local drop to Bite Drive tier","status":"passed","title":"evaluates a local drop to Bite Drive tier","duration":6.302899999999681,"failureMessages":[],"meta":{}},{"ancestorTitles":["useDeliveryRouter — reactive two-tier hub"],"fullName":"useDeliveryRouter — reactive two-tier hub evaluates a far drop to the third-party tier","status":"passed","title":"evaluates a far drop to the third-party tier","duration":1.8240999999998166,"failureMessages":[],"meta":{}},{"ancestorTitles":["useDeliveryRouter — reactive two-tier hub"],"fullName":"useDeliveryRouter — reactive two-tier hub rejects a destination without finite coordinates","status":"passed","title":"rejects a destination without finite coordinates","duration":1.0367000000005646,"failureMessages":[],"meta":{}}],"startTime":1790437056091,"endTime":1790437056100.0366,"status":"passed","message":"","name":"D:/A PROJECT/Bite Me Baby/src/__tests__/deliveryRouterStore.test.ts"},{"assertionResults":[{"ancestorTitles":["bomFeasibility (KIT-02 — availability จากสูตร)"],"fullName":"bomFeasibility (KIT-02 — availability จากสูตร) returns feasible when every ingredient covers the quantity","status":"passed","title":"returns feasible when every ingredient covers the quantity","duration":7.248899999999594,"failureMessages":[],"meta":{}},{"ancestorTitles":["bomFeasibility (KIT-02 — availability จากสูตร)"],"fullName":"bomFeasibility (KIT-02 — availability จากสูตร) flags infeasible + lists blocking ingredients when stock is short","status":"passed","title":"flags infeasible + lists blocking ingredients when stock is short","duration":4.061399999999594,"failureMessages":[],"meta":{}},{"ancestorTitles":["bomFeasibility (KIT-02 — availability จากสูตร)"],"fullName":"bomFeasibility (KIT-02 — availability จากสูตร) empty recipe = always feasible (no BOM defined yet)","status":"passed","title":"empty recipe = always feasible (no BOM defined yet)","duration":0.5255999999999403,"failureMessages":[],"meta":{}},{"ancestorTitles":["summarizeBatchItems (KIT-01 — งานต่อ batch ครัว)"],"fullName":"summarizeBatchItems (KIT-01 — งานต่อ batch ครัว) aggregates per-product totals and unique order count","status":"passed","title":"aggregates per-product totals and unique order count","duration":1.8585999999995693,"failureMessages":[],"meta":{}}],"startTime":1790437032807,"endTime":1790437032821.8586,"status":"passed","message":"","name":"D:/A PROJECT/Bite Me Baby/src/__tests__/kitchenService.test.ts"},{"assertionResults":[{"ancestorTitles":["withRetry (PWA-02 — error/retry on critical flows)"],"fullName":"withRetry (PWA-02 — error/retry on critical flows) succeeds immediately on first attempt","status":"passed","title":"succeeds immediately on first attempt","duration":4.349699999999757,"failureMessages":[],"meta":{}},{"ancestorTitles":["withRetry (PWA-02 — error/retry on critical flows)"],"fullName":"withRetry (PWA-02 — error/retry on critical flows) retries a transient failure then succeeds","status":"passed","title":"retries a transient failure then succeeds","duration":6.021099999999933,"failureMessages":[],"meta":{}},{"ancestorTitles":["withRetry (PWA-02 — error/retry on critical flows)"],"fullName":"withRetry (PWA-02 — error/retry on critical flows) gives up after N retries","status":"passed","title":"gives up after N retries","duration":8.514900000000125,"failureMessages":[],"meta":{}},{"ancestorTitles":["isNetworkError (PWA-02 — offline detection heuristic)"],"fullName":"isNetworkError (PWA-02 — offline detection heuristic) recognises transport-level failures","status":"passed","title":"recognises transport-level failures","duration":1.0195000000003347,"failureMessages":[],"meta":{}},{"ancestorTitles":["isNetworkError (PWA-02 — offline detection heuristic)"],"fullName":"isNetworkError (PWA-02 — offline detection heuristic) does not flag business errors as network errors","status":"passed","title":"does not flag business errors as network errors","duration":0.6498999999994339,"failureMessages":[],"meta":{}}],"startTime":1790437037243,"endTime":1790437037264.65,"status":"passed","message":"","name":"D:/A PROJECT/Bite Me Baby/src/__tests__/offlineUtils.test.ts"},{"assertionResults":[{"ancestorTitles":["orderStateMachine — pure transition allow-list"],"fullName":"orderStateMachine — pure transition allow-list walks the full Same-Day chain forward","status":"passed","title":"walks the full Same-Day chain forward","duration":6.188499999999294,"failureMessages":[],"meta":{}},{"ancestorTitles":["orderStateMachine — pure transition allow-list"],"fullName":"orderStateMachine — pure transition allow-list walks the full Pre-Order chain forward","status":"passed","title":"walks the full Pre-Order chain forward","duration":0.9915000000000873,"failureMessages":[],"meta":{}},{"ancestorTitles":["orderStateMachine — pure transition allow-list"],"fullName":"orderStateMachine — pure transition allow-list denies skip-state jumps (Created → Delivered)","status":"passed","title":"denies skip-state jumps (Created → Delivered)","duration":0.4554000000007363,"failureMessages":[],"meta":{}},{"ancestorTitles":["orderStateMachine — pure transition allow-list"],"fullName":"orderStateMachine — pure transition allow-list denies backward transitions (Accepted → Created)","status":"passed","title":"denies backward transitions (Accepted → Created)","duration":0.39949999999953434,"failureMessages":[],"meta":{}},{"ancestorTitles":["orderStateMachine — pure transition allow-list"],"fullName":"orderStateMachine — pure transition allow-list denies passing a Same-Day state into the Pre-Order chain","status":"passed","title":"denies passing a Same-Day state into the Pre-Order chain","duration":0.3769000000002052,"failureMessages":[],"meta":{}},{"ancestorTitles":["orderStateMachine — pure transition allow-list"],"fullName":"orderStateMachine — pure transition allow-list blocks transition from a terminal state","status":"passed","title":"blocks transition from a terminal state","duration":0.48910000000068976,"failureMessages":[],"meta":{}},{"ancestorTitles":["orderStateMachine — pure transition allow-list"],"fullName":"orderStateMachine — pure transition allow-list allows admin cancel from a live state and failure only from Dispatched","status":"passed","title":"allows admin cancel from a live state and failure only from Dispatched","duration":0.5122000000001208,"failureMessages":[],"meta":{}},{"ancestorTitles":["orderStateMachine — pure transition allow-list"],"fullName":"orderStateMachine — pure transition allow-list returns the correct initial status per mode","status":"passed","title":"returns the correct initial status per mode","duration":0.5314000000007582,"failureMessages":[],"meta":{}},{"ancestorTitles":["useOrderStateMachine — reactive store"],"fullName":"useOrderStateMachine — reactive store advances through the chain and records history","status":"passed","title":"advances through the chain and records history","duration":3.567200000000412,"failureMessages":[],"meta":{}},{"ancestorTitles":["useOrderStateMachine — reactive store"],"fullName":"useOrderStateMachine — reactive store rejects an illegal jump","status":"passed","title":"rejects an illegal jump","duration":0.6485999999995329,"failureMessages":[],"meta":{}}],"startTime":1790437049312,"endTime":1790437049327.6487,"status":"passed","message":"","name":"D:/A PROJECT/Bite Me Baby/src/__tests__/orderStateMachine.test.ts"},{"assertionResults":[{"ancestorTitles":["orderVocabulary — canonical status mapping (PAY-04)"],"fullName":"orderVocabulary — canonical status mapping (PAY-04) every server status maps to a client display in BOTH modes (no orphan)","status":"passed","title":"every server status maps to a client display in BOTH modes (no orphan)","duration":9.167000000000371,"failureMessages":[],"meta":{}},{"ancestorTitles":["orderVocabulary — canonical status mapping (PAY-04)"],"fullName":"orderVocabulary — canonical status mapping (PAY-04) every client status maps back to a server status","status":"passed","title":"every client status maps back to a server status","duration":7.118199999999888,"failureMessages":[],"meta":{}},{"ancestorTitles":["orderVocabulary — canonical status mapping (PAY-04)"],"fullName":"orderVocabulary — canonical status mapping (PAY-04) provider <-> server mapping is complete and bidirectional","status":"passed","title":"provider <-> server mapping is complete and bidirectional","duration":2.6531999999997424,"failureMessages":[],"meta":{}},{"ancestorTitles":["orderVocabulary — canonical status mapping (PAY-04)"],"fullName":"orderVocabulary — canonical status mapping (PAY-04) every server status has a Thai UI label (no raw enum shown to customers)","status":"passed","title":"every server status has a Thai UI label (no raw enum shown to customers)","duration":6.112499999999272,"failureMessages":[],"meta":{}},{"ancestorTitles":["orderVocabulary — canonical status mapping (PAY-04)"],"fullName":"orderVocabulary — canonical status mapping (PAY-04) terminal/cancel special cases map exactly","status":"passed","title":"terminal/cancel special cases map exactly","duration":0.7418999999999869,"failureMessages":[],"meta":{}}],"startTime":1790437037509,"endTime":1790437037535.742,"status":"passed","message":"","name":"D:/A PROJECT/Bite Me Baby/src/__tests__/orderVocabulary.test.ts"},{"assertionResults":[{"ancestorTitles":["P0-5 Payment — server-authoritative intents"],"fullName":"P0-5 Payment — server-authoritative intents records non-card intents with the authoritative order amount","status":"passed","title":"records non-card intents with the authoritative order amount","duration":11.191399999999703,"failureMessages":[],"meta":{}},{"ancestorTitles":["P0-5 Payment — server-authoritative intents"],"fullName":"P0-5 Payment — server-authoritative intents refuses a client-supplied amount that does not match the order total","status":"passed","title":"refuses a client-supplied amount that does not match the order total","duration":4.402299999999741,"failureMessages":[],"meta":{}},{"ancestorTitles":["P0-5 Payment — server-authoritative intents"],"fullName":"P0-5 Payment — server-authoritative intents routes credit_card through the create-checkout Edge Function with the order number","status":"passed","title":"routes credit_card through the create-checkout Edge Function with the order number","duration":2.3112999999993917,"failureMessages":[],"meta":{}},{"ancestorTitles":["P0-5 Payment — server-authoritative intents"],"fullName":"P0-5 Payment — server-authoritative intents does NOT fabricate success when the checkout Edge Function is unavailable","status":"passed","title":"does NOT fabricate success when the checkout Edge Function is unavailable","duration":1.188199999999597,"failureMessages":[],"meta":{}},{"ancestorTitles":["P0-5 Payment — server-authoritative intents"],"fullName":"P0-5 Payment — server-authoritative intents PromptPay: TXN submit → processing, then admin confirmation → paid (idempotent)","status":"passed","title":"PromptPay: TXN submit → processing, then admin confirmation → paid (idempotent)","duration":3.231800000000476,"failureMessages":[],"meta":{}},{"ancestorTitles":["P0-5 Payment — server-authoritative intents"],"fullName":"P0-5 Payment — server-authoritative intents PromptPay: cannot confirm without a submitted TXN (intent still pending)","status":"passed","title":"PromptPay: cannot confirm without a submitted TXN (intent still pending)","duration":0.7206000000005588,"failureMessages":[],"meta":{}},{"ancestorTitles":["P0-5 Payment — server-authoritative intents"],"fullName":"P0-5 Payment — server-authoritative intents COD: can only be confirmed after the order is DELIVERED","status":"passed","title":"COD: can only be confirmed after the order is DELIVERED","duration":50.38119999999981,"failureMessages":[],"meta":{}},{"ancestorTitles":["P0-5 Payment — server-authoritative intents"],"fullName":"P0-5 Payment — server-authoritative intents record_payment_result: idempotent webhook + amount mismatch rejected","status":"passed","title":"record_payment_result: idempotent webhook + amount mismatch rejected","duration":1.7773999999999432,"failureMessages":[],"meta":{}},{"ancestorTitles":["P0-5 Payment — server-authoritative intents"],"fullName":"P0-5 Payment — server-authoritative intents 010 regression: checkout-created pending intent is NOT treated as an idempotent replay","status":"passed","title":"010 regression: checkout-created pending intent is NOT treated as an idempotent replay","duration":1.458599999999933,"failureMessages":[],"meta":{}},{"ancestorTitles":["P0-6 Order state machine — allow-list enforcement"],"fullName":"P0-6 Order state machine — allow-list enforcement walks the forward fulfillment chain","status":"passed","title":"walks the forward fulfillment chain","duration":10.665799999999763,"failureMessages":[],"meta":{}},{"ancestorTitles":["P0-6 Order state machine — allow-list enforcement"],"fullName":"P0-6 Order state machine — allow-list enforcement denies skip-state jumps (pending → delivered)","status":"passed","title":"denies skip-state jumps (pending → delivered)","duration":0.8997999999992317,"failureMessages":[],"meta":{}},{"ancestorTitles":["P0-6 Order state machine — allow-list enforcement"],"fullName":"P0-6 Order state machine — allow-list enforcement denies backward transitions (confirmed → pending)","status":"passed","title":"denies backward transitions (confirmed → pending)","duration":1.6597000000001572,"failureMessages":[],"meta":{}},{"ancestorTitles":["P0-6 Order state machine — allow-list enforcement"],"fullName":"P0-6 Order state machine — allow-list enforcement allows admin cancel from preparing","status":"passed","title":"allows admin cancel from preparing","duration":2.8158000000003085,"failureMessages":[],"meta":{}},{"ancestorTitles":["P0-6 Order state machine — allow-list enforcement"],"fullName":"P0-6 Order state machine — allow-list enforcement allows failed from in_transit","status":"passed","title":"allows failed from in_transit","duration":6.856099999999969,"failureMessages":[],"meta":{}},{"ancestorTitles":["P0-6 Order state machine — allow-list enforcement"],"fullName":"P0-6 Order state machine — allow-list enforcement mark_payment_failed flips pending/processing intents to failed","status":"passed","title":"mark_payment_failed flips pending/processing intents to failed","duration":1.0296000000007552,"failureMessages":[],"meta":{}}],"startTime":1790437026304,"endTime":1790437026406.0295,"status":"passed","message":"","name":"D:/A PROJECT/Bite Me Baby/src/__tests__/paymentStateMachine.test.ts"},{"assertionResults":[{"ancestorTitles":["Phase 5 — AI-02 advanced guardrails"],"fullName":"Phase 5 — AI-02 advanced guardrails detects obfuscations / indirect injections","status":"passed","title":"detects obfuscations / indirect injections","duration":198.79509999999937,"failureMessages":[],"meta":{}},{"ancestorTitles":["Phase 6 — CI-01 server-side customer intelligence"],"fullName":"Phase 6 — CI-01 server-side customer intelligence computes segment breakdown for the dashboard","status":"passed","title":"computes segment breakdown for the dashboard","duration":45.57619999999952,"failureMessages":[],"meta":{}},{"ancestorTitles":["Phase 6 — CI-01 server-side customer intelligence"],"fullName":"Phase 6 — CI-01 server-side customer intelligence memory merge keeps both keys after two saves (cross-cutting AI-03)","status":"passed","title":"memory merge keeps both keys after two saves (cross-cutting AI-03)","duration":15.010999999999513,"failureMessages":[],"meta":{}},{"ancestorTitles":["Phase 7 — CNT-01 content approval (no auto-publish)"],"fullName":"Phase 7 — CNT-01 content approval (no auto-publish) blocks publishing anything that is not approved","status":"passed","title":"blocks publishing anything that is not approved","duration":25.063200000000506,"failureMessages":[],"meta":{}},{"ancestorTitles":["Phase 7 — CNT-01 content approval (no auto-publish)"],"fullName":"Phase 7 — CNT-01 content approval (no auto-publish) submits a submission, reviews it, and the gate opens only after approval","status":"passed","title":"submits a submission, reviews it, and the gate opens only after approval","duration":2.506999999999607,"failureMessages":[],"meta":{}}],"startTime":1790437026036,"endTime":1790437026324.507,"status":"passed","message":"","name":"D:/A PROJECT/Bite Me Baby/src/__tests__/phases5_7.test.ts"},{"assertionResults":[{"ancestorTitles":["provider registry (DEL-03)"],"fullName":"provider registry (DEL-03) registers all four channels with correct live statuses","status":"passed","title":"registers all four channels with correct live statuses","duration":5.05580000000009,"failureMessages":[],"meta":{}},{"ancestorTitles":["provider registry (DEL-03)"],"fullName":"provider registry (DEL-03) resolves an adapter per provider id","status":"passed","title":"resolves an adapter per provider id","duration":2.3883999999998196,"failureMessages":[],"meta":{}},{"ancestorTitles":["GrabAdapter (DEL-03 — plug-in ready)"],"fullName":"GrabAdapter (DEL-03 — plug-in ready) degrades to estimate when NO credentials (sandbox)","status":"passed","title":"degrades to estimate when NO credentials (sandbox)","duration":1.0904999999993379,"failureMessages":[],"meta":{}},{"ancestorTitles":["GrabAdapter (DEL-03 — plug-in ready)"],"fullName":"GrabAdapter (DEL-03 — plug-in ready) calls the live API when credentials exist (quote path)","status":"passed","title":"calls the live API when credentials exist (quote path)","duration":11.22149999999965,"failureMessages":[],"meta":{}},{"ancestorTitles":["GrabAdapter (DEL-03 — plug-in ready)"],"fullName":"GrabAdapter (DEL-03 — plug-in ready) falls back to estimate when a live call fails (quote must never break checkout)","status":"passed","title":"falls back to estimate when a live call fails (quote must never break checkout)","duration":1.3407999999999447,"failureMessages":[],"meta":{}},{"ancestorTitles":["LinemanAdapter (DEL-03 — plug-in ready)"],"fullName":"LinemanAdapter (DEL-03 — plug-in ready) uses sandbox estimate without key","status":"passed","title":"uses sandbox estimate without key","duration":4.506999999999607,"failureMessages":[],"meta":{}},{"ancestorTitles":["LinemanAdapter (DEL-03 — plug-in ready)"],"fullName":"LinemanAdapter (DEL-03 — plug-in ready) reads the live quotation when key present","status":"passed","title":"reads the live quotation when key present","duration":1.0199000000002343,"failureMessages":[],"meta":{}}],"startTime":1790437036876,"endTime":1790437036904.02,"status":"passed","message":"","name":"D:/A PROJECT/Bite Me Baby/src/__tests__/providers.test.ts"},{"assertionResults":[{"ancestorTitles":["etaAccuracySummary (DEL-04 — tolerance ≤ 15 นาที/จุด)"],"fullName":"etaAccuracySummary (DEL-04 — tolerance ≤ 15 นาที/จุด) flags within-tolerance when every stop error ≤ 15 min","status":"passed","title":"flags within-tolerance when every stop error ≤ 15 min","duration":2.8052999999999884,"failureMessages":[],"meta":{}},{"ancestorTitles":["etaAccuracySummary (DEL-04 — tolerance ≤ 15 นาที/จุด)"],"fullName":"etaAccuracySummary (DEL-04 — tolerance ≤ 15 นาที/จุด) flags out-of-tolerance when any stop exceeds 15 min error","status":"passed","title":"flags out-of-tolerance when any stop exceeds 15 min error","duration":0.9279000000005908,"failureMessages":[],"meta":{}},{"ancestorTitles":["etaAccuracySummary (DEL-04 — tolerance ≤ 15 นาที/จุด)"],"fullName":"etaAccuracySummary (DEL-04 — tolerance ≤ 15 นาที/จุด) empty reports = within tolerance (no data yet)","status":"passed","title":"empty reports = within tolerance (no data yet)","duration":0.44909999999981665,"failureMessages":[],"meta":{}},{"ancestorTitles":["calibratedEtaMinutes (DEL-04 — learn from actual times)"],"fullName":"calibratedEtaMinutes (DEL-04 — learn from actual times) falls back to the stock heuristic without history","status":"passed","title":"falls back to the stock heuristic without history","duration":0.5376000000005661,"failureMessages":[],"meta":{}},{"ancestorTitles":["calibratedEtaMinutes (DEL-04 — learn from actual times)"],"fullName":"calibratedEtaMinutes (DEL-04 — learn from actual times) uses observed minutes-per-km when samples exist","status":"passed","title":"uses observed minutes-per-km when samples exist","duration":0.40310000000044965,"failureMessages":[],"meta":{}}],"startTime":1790437060194,"endTime":1790437060200.403,"status":"passed","message":"","name":"D:/A PROJECT/Bite Me Baby/src/__tests__/routeEta.test.ts"},{"assertionResults":[{"ancestorTitles":["stripe-refund EF logic"],"fullName":"stripe-refund EF logic rejects a refund that exceeds the remaining charge (full paid)","status":"passed","title":"rejects a refund that exceeds the remaining charge (full paid)","duration":4.84099999999944,"failureMessages":[],"meta":{}},{"ancestorTitles":["stripe-refund EF logic"],"fullName":"stripe-refund EF logic tracks partial refunds and recomputes the remaining amount","status":"passed","title":"tracks partial refunds and recomputes the remaining amount","duration":0.8054000000001906,"failureMessages":[],"meta":{}},{"ancestorTitles":["stripe-refund EF logic"],"fullName":"stripe-refund EF logic maps to full refund when total refunds reach the charged amount","status":"passed","title":"maps to full refund when total refunds reach the charged amount","duration":0.6042999999999665,"failureMessages":[],"meta":{}},{"ancestorTitles":["stripe-refund EF logic"],"fullName":"stripe-refund EF logic builds a deterministic idempotency key per (order, amount)","status":"passed","title":"builds a deterministic idempotency key per (order, amount)","duration":0.529700000000048,"failureMessages":[],"meta":{}},{"ancestorTitles":["stripe-refund EF logic"],"fullName":"stripe-refund EF logic tolerates a missing/empty metadata ledger (fresh intent row)","status":"passed","title":"tolerates a missing/empty metadata ledger (fresh intent row)","duration":2.0590999999994892,"failureMessages":[],"meta":{}}],"startTime":1790437055850,"endTime":1790437055859.059,"status":"passed","message":"","name":"D:/A PROJECT/Bite Me Baby/src/__tests__/stripeRefundLogic.test.ts"},{"assertionResults":[{"ancestorTitles":["Stripe webhook HMAC verification (WebCrypto)"],"fullName":"Stripe webhook HMAC verification (WebCrypto) accepts a valid HMAC signature (importKey + sign pattern)","status":"passed","title":"accepts a valid HMAC signature (importKey + sign pattern)","duration":83.96410000000014,"failureMessages":[],"meta":{}},{"ancestorTitles":["Stripe webhook HMAC verification (WebCrypto)"],"fullName":"Stripe webhook HMAC verification (WebCrypto) rejects a signature made with the wrong secret","status":"passed","title":"rejects a signature made with the wrong secret","duration":3.5005999999993946,"failureMessages":[],"meta":{}},{"ancestorTitles":["Stripe webhook HMAC verification (WebCrypto)"],"fullName":"Stripe webhook HMAC verification (WebCrypto) rejects a tampered body (signature does not match)","status":"passed","title":"rejects a tampered body (signature does not match)","duration":118.63130000000001,"failureMessages":[],"meta":{}},{"ancestorTitles":["Stripe webhook HMAC verification (WebCrypto)"],"fullName":"Stripe webhook HMAC verification (WebCrypto) rejects an unsigned/incomplete header","status":"passed","title":"rejects an unsigned/incomplete header","duration":0.6385999999993146,"failureMessages":[],"meta":{}},{"ancestorTitles":["Stripe webhook HMAC verification (WebCrypto)"],"fullName":"Stripe webhook HMAC verification (WebCrypto) GUARDS the crypto.subtle.sign misuse: raw bytes are NOT a CryptoKey","status":"passed","title":"GUARDS the crypto.subtle.sign misuse: raw bytes are NOT a CryptoKey","duration":10.204900000000634,"failureMessages":[],"meta":{}}],"startTime":1790437042371,"endTime":1790437042588.2048,"status":"passed","message":"","name":"D:/A PROJECT/Bite Me Baby/src/__tests__/stripeWebhookSignature.test.ts"},{"assertionResults":[{"ancestorTitles":["addonDisplay"],"fullName":"addonDisplay getAddonForId finds the group by id","status":"passed","title":"getAddonForId finds the group by id","duration":3.7577000000001135,"failureMessages":[],"meta":{}},{"ancestorTitles":["addonDisplay"],"fullName":"addonDisplay resolveAddOnLines renders checkbox & radio selections with prices","status":"passed","title":"resolveAddOnLines renders checkbox & radio selections with prices","duration":7.1141999999999825,"failureMessages":[],"meta":{}},{"ancestorTitles":["addonDisplay"],"fullName":"addonDisplay text-type add-ons render note and cost one unit","status":"passed","title":"text-type add-ons render note and cost one unit","duration":1.7689000000000306,"failureMessages":[],"meta":{}},{"ancestorTitles":["addonDisplay"],"fullName":"addonDisplay empty selections are skipped (radio/checkbox)","status":"passed","title":"empty selections are skipped (radio/checkbox)","duration":0.6464000000005399,"failureMessages":[],"meta":{}},{"ancestorTitles":["addonDisplay"],"fullName":"addonDisplay addOnTotalFor sums the add-on estimate","status":"passed","title":"addOnTotalFor sums the add-on estimate","duration":0.5452999999997701,"failureMessages":[],"meta":{}},{"ancestorTitles":["addonDisplay"],"fullName":"addonDisplay addOnSummaryText produces a readable one-liner","status":"passed","title":"addOnSummaryText produces a readable one-liner","duration":1.2106999999996333,"failureMessages":[],"meta":{}},{"ancestorTitles":["addonDisplay"],"fullName":"addonDisplay addOnLinesFromChoices supports order snapshots without full product","status":"passed","title":"addOnLinesFromChoices supports order snapshots without full product","duration":0.6385000000000218,"failureMessages":[],"meta":{}}],"startTime":1790437042672,"endTime":1790437042688.6384,"status":"passed","message":"","name":"D:/A PROJECT/Bite Me Baby/src/.kilo/worktrees/satisfying-aphid/src/__tests__/addonDisplay.test.ts"},{"assertionResults":[{"ancestorTitles":["adminUi — role-based admin link"],"fullName":"adminUi — role-based admin link opens for any admin role regardless of email","status":"passed","title":"opens for any admin role regardless of email","duration":105.94459999999981,"failureMessages":[],"meta":{}},{"ancestorTitles":["adminUi — role-based admin link"],"fullName":"adminUi — role-based admin link keeps the legacy seeded admin emails as a fallback","status":"passed","title":"keeps the legacy seeded admin emails as a fallback","duration":1.4161999999996624,"failureMessages":[],"meta":{}},{"ancestorTitles":["adminUi — role-based admin link"],"fullName":"adminUi — role-based admin link stays closed for ordinary customers","status":"passed","title":"stays closed for ordinary customers","duration":1.035899999999856,"failureMessages":[],"meta":{}},{"ancestorTitles":["adminUi — category heading slug + image source validation"],"fullName":"adminUi — category heading slug + image source validation slugifies category heading names","status":"passed","title":"slugifies category heading names","duration":1.336699999999837,"failureMessages":[],"meta":{}},{"ancestorTitles":["adminUi — category heading slug + image source validation"],"fullName":"adminUi — category heading slug + image source validation falls back to a unique slug for non-latin headings","status":"passed","title":"falls back to a unique slug for non-latin headings","duration":1.1929999999993015,"failureMessages":[],"meta":{}},{"ancestorTitles":["adminUi — category heading slug + image source validation"],"fullName":"adminUi — category heading slug + image source validation accepts data-URL uploads and http(s) image sources only","status":"passed","title":"accepts data-URL uploads and http(s) image sources only","duration":1.6604999999999563,"failureMessages":[],"meta":{}},{"ancestorTitles":["adminUi — admin navigation catalogue"],"fullName":"adminUi — admin navigation catalogue covers dashboard, products, media and content approvals","status":"passed","title":"covers dashboard, products, media and content approvals","duration":7.158699999999953,"failureMessages":[],"meta":{}},{"ancestorTitles":["PHASE 6 — category CRUD via admin API (Supabase mock)"],"fullName":"PHASE 6 — category CRUD via admin API (Supabase mock) creates, renames and deletes a category heading","status":"passed","title":"creates, renames and deletes a category heading","duration":8.277199999999539,"failureMessages":[],"meta":{}},{"ancestorTitles":["PHASE 7 — CNT-01 content approval gate"],"fullName":"PHASE 7 — CNT-01 content approval gate submits banner content for approval and opens the gate only after approval","status":"passed","title":"submits banner content for approval and opens the gate only after approval","duration":9.685899999999492,"failureMessages":[],"meta":{}},{"ancestorTitles":["PHASE 7 — CNT-01 content approval gate"],"fullName":"PHASE 7 — CNT-01 content approval gate keeps the publish gate closed for anything not approved","status":"passed","title":"keeps the publish gate closed for anything not approved","duration":1.3896999999997206,"failureMessages":[],"meta":{}},{"ancestorTitles":["PHASE 7 — CNT-01 content approval gate"],"fullName":"PHASE 7 — CNT-01 content approval gate saving a banner promotion routes it through the approval workflow","status":"passed","title":"saving a banner promotion routes it through the approval workflow","duration":87.71480000000065,"failureMessages":[],"meta":{}}],"startTime":1790437031734,"endTime":1790437031962.7148,"status":"passed","message":"","name":"D:/A PROJECT/Bite Me Baby/src/.kilo/worktrees/satisfying-aphid/src/__tests__/adminUi.test.ts"},{"assertionResults":[{"ancestorTitles":["validateUserPrompt (AI-02 — injection/money-override rejection)"],"fullName":"validateUserPrompt (AI-02 — injection/money-override rejection) allows normal customer questions","status":"passed","title":"allows normal customer questions","duration":6.020199999999932,"failureMessages":[],"meta":{}},{"ancestorTitles":["validateUserPrompt (AI-02 — injection/money-override rejection)"],"fullName":"validateUserPrompt (AI-02 — injection/money-override rejection) rejects direct prompt injection (ignore instructions)","status":"passed","title":"rejects direct prompt injection (ignore instructions)","duration":0.9501999999993131,"failureMessages":[],"meta":{}},{"ancestorTitles":["validateUserPrompt (AI-02 — injection/money-override rejection)"],"fullName":"validateUserPrompt (AI-02 — injection/money-override rejection) rejects role-swap injection","status":"passed","title":"rejects role-swap injection","duration":5.1920999999993,"failureMessages":[],"meta":{}},{"ancestorTitles":["validateUserPrompt (AI-02 — injection/money-override rejection)"],"fullName":"validateUserPrompt (AI-02 — injection/money-override rejection) rejects stock/price/order/payment overrides","status":"passed","title":"rejects stock/price/order/payment overrides","duration":1.2709999999997308,"failureMessages":[],"meta":{}},{"ancestorTitles":["assertReadOnlyTool (AI-02 — tools are read-only)"],"fullName":"assertReadOnlyTool (AI-02 — tools are read-only) allows all registered read tools","status":"passed","title":"allows all registered read tools","duration":16.159999999999854,"failureMessages":[],"meta":{}},{"ancestorTitles":["assertReadOnlyTool (AI-02 — tools are read-only)"],"fullName":"assertReadOnlyTool (AI-02 — tools are read-only) refuses any non-read tool name","status":"passed","title":"refuses any non-read tool name","duration":2.501100000000406,"failureMessages":[],"meta":{}},{"ancestorTitles":["buildServerGuardrail (AI-02 — immutable server segment)"],"fullName":"buildServerGuardrail (AI-02 — immutable server segment) contains the money/stock non-negotiable rules","status":"passed","title":"contains the money/stock non-negotiable rules","duration":1.5712000000003172,"failureMessages":[],"meta":{}}],"startTime":1790437049890,"endTime":1790437049924.5713,"status":"passed","message":"","name":"D:/A PROJECT/Bite Me Baby/src/.kilo/worktrees/satisfying-aphid/src/__tests__/aiGuardrails.test.ts"},{"assertionResults":[{"ancestorTitles":["aiServerMemory (AI-03 — server memory + cross-device merge)"],"fullName":"aiServerMemory (AI-03 — server memory + cross-device merge) persists then reloads the same memory through the RPC (round-trip)","status":"passed","title":"persists then reloads the same memory through the RPC (round-trip)","duration":192.36569999999938,"failureMessages":[],"meta":{}},{"ancestorTitles":["aiServerMemory (AI-03 — server memory + cross-device merge)"],"fullName":"aiServerMemory (AI-03 — server memory + cross-device merge) flattens local customer memory into the server shape","status":"passed","title":"flattens local customer memory into the server shape","duration":1.3802999999998065,"failureMessages":[],"meta":{}},{"ancestorTitles":["aiServerMemory (AI-03 — server memory + cross-device merge)"],"fullName":"aiServerMemory (AI-03 — server memory + cross-device merge) server memory wins over local on merged keys","status":"passed","title":"server memory wins over local on merged keys","duration":5.512100000000828,"failureMessages":[],"meta":{}}],"startTime":1790437032041,"endTime":1790437032240.5122,"status":"passed","message":"","name":"D:/A PROJECT/Bite Me Baby/src/.kilo/worktrees/satisfying-aphid/src/__tests__/aiServerMemory.test.ts"},{"assertionResults":[{"ancestorTitles":["Products API"],"fullName":"Products API should get products","status":"passed","title":"should get products","duration":4.4406000000008135,"failureMessages":[],"meta":{}},{"ancestorTitles":["Products API"],"fullName":"Products API should get product by id","status":"passed","title":"should get product by id","duration":1.0808999999999287,"failureMessages":[],"meta":{}},{"ancestorTitles":["Products API"],"fullName":"Products API should create product","status":"passed","title":"should create product","duration":0.9873999999999796,"failureMessages":[],"meta":{}},{"ancestorTitles":["Products API"],"fullName":"Products API should update product","status":"passed","title":"should update product","duration":0.9533000000001266,"failureMessages":[],"meta":{}},{"ancestorTitles":["Products API"],"fullName":"Products API should delete product","status":"passed","title":"should delete product","duration":1.0174000000006345,"failureMessages":[],"meta":{}},{"ancestorTitles":["Categories API"],"fullName":"Categories API should get categories","status":"passed","title":"should get categories","duration":1.0900000000001455,"failureMessages":[],"meta":{}},{"ancestorTitles":["Categories API"],"fullName":"Categories API should have required fields","status":"passed","title":"should have required fields","duration":0.9997999999995955,"failureMessages":[],"meta":{}},{"ancestorTitles":["Orders API"],"fullName":"Orders API should get orders","status":"passed","title":"should get orders","duration":0.8166000000001077,"failureMessages":[],"meta":{}},{"ancestorTitles":["Orders API"],"fullName":"Orders API should create order via server-authoritative RPC (INPUT ONLY)","status":"passed","title":"should create order via server-authoritative RPC (INPUT ONLY)","duration":6.592000000000553,"failureMessages":[],"meta":{}},{"ancestorTitles":["Orders API"],"fullName":"Orders API should update order status","status":"passed","title":"should update order status","duration":14.665500000000065,"failureMessages":[],"meta":{}},{"ancestorTitles":["P0-4 Server-authoritative order (create_order_with_items)"],"fullName":"P0-4 Server-authoritative order (create_order_with_items) ignores client-supplied financial fields (price/subtotal/total tamper)","status":"passed","title":"ignores client-supplied financial fields (price/subtotal/total tamper)","duration":1.3594999999995707,"failureMessages":[],"meta":{}},{"ancestorTitles":["P0-4 Server-authoritative order (create_order_with_items)"],"fullName":"P0-4 Server-authoritative order (create_order_with_items) uses current DB price when products.price changes (no client price)","status":"passed","title":"uses current DB price when products.price changes (no client price)","duration":1.1765999999997803,"failureMessages":[],"meta":{}},{"ancestorTitles":["P0-4 Server-authoritative order (create_order_with_items)"],"fullName":"P0-4 Server-authoritative order (create_order_with_items) rejects inactive product (ERR_PRODUCT_UNAVAILABLE)","status":"passed","title":"rejects inactive product (ERR_PRODUCT_UNAVAILABLE)","duration":0.9227999999993699,"failureMessages":[],"meta":{}},{"ancestorTitles":["P0-4 Server-authoritative order (create_order_with_items)"],"fullName":"P0-4 Server-authoritative order (create_order_with_items) rejects nonexistent product (ERR_PRODUCT_NOT_FOUND)","status":"passed","title":"rejects nonexistent product (ERR_PRODUCT_NOT_FOUND)","duration":0.7102000000004409,"failureMessages":[],"meta":{}},{"ancestorTitles":["P0-4 Server-authoritative order (create_order_with_items)"],"fullName":"P0-4 Server-authoritative order (create_order_with_items) rejects invalid quantity 0 / negative / >1000 (ERR_INVALID_QUANTITY)","status":"passed","title":"rejects invalid quantity 0 / negative / >1000 (ERR_INVALID_QUANTITY)","duration":0.9934000000002925,"failureMessages":[],"meta":{}},{"ancestorTitles":["P0-4 Server-authoritative order — capacity & atomicity"],"fullName":"P0-4 Server-authoritative order — capacity & atomicity rejects when round is full (ERR_CAPACITY_FULL) — no overselling","status":"passed","title":"rejects when round is full (ERR_CAPACITY_FULL) — no overselling","duration":1.1136999999998807,"failureMessages":[],"meta":{}},{"ancestorTitles":["P0-4 Server-authoritative order — capacity & atomicity"],"fullName":"P0-4 Server-authoritative order — capacity & atomicity rejects unknown / closed round (ERR_ROUND_NOT_FOUND / ERR_ROUND_CLOSED)","status":"passed","title":"rejects unknown / closed round (ERR_ROUND_NOT_FOUND / ERR_ROUND_CLOSED)","duration":0.848599999999351,"failureMessages":[],"meta":{}},{"ancestorTitles":["P0-4 Server-authoritative order — capacity & atomicity"],"fullName":"P0-4 Server-authoritative order — capacity & atomicity rejects empty order and missing customer name","status":"passed","title":"rejects empty order and missing customer name","duration":0.6984000000002197,"failureMessages":[],"meta":{}},{"ancestorTitles":["P0-4 Server-authoritative order — capacity & atomicity"],"fullName":"P0-4 Server-authoritative order — capacity & atomicity applies authoritative promotion discount from promotions table only","status":"passed","title":"applies authoritative promotion discount from promotions table only","duration":1.02179999999953,"failureMessages":[],"meta":{}},{"ancestorTitles":["P0-4 Server-authoritative order — capacity & atomicity"],"fullName":"P0-4 Server-authoritative order — capacity & atomicity atomicity: failed creation persists NO order and NO order_items (no orphans)","status":"passed","title":"atomicity: failed creation persists NO order and NO order_items (no orphans)","duration":1.6752999999998792,"failureMessages":[],"meta":{}},{"ancestorTitles":["Storage Layer"],"fullName":"Storage Layer should set and get values","status":"passed","title":"should set and get values","duration":1.5621999999993932,"failureMessages":[],"meta":{}},{"ancestorTitles":["Storage Layer"],"fullName":"Storage Layer should return default value if key not found","status":"passed","title":"should return default value if key not found","duration":0.41229999999995925,"failureMessages":[],"meta":{}},{"ancestorTitles":["Storage Layer"],"fullName":"Storage Layer should clear storage","status":"passed","title":"should clear storage","duration":0.7211999999999534,"failureMessages":[],"meta":{}},{"ancestorTitles":["Cart Store"],"fullName":"Cart Store should add item to cart","status":"passed","title":"should add item to cart","duration":66.1862000000001,"failureMessages":[],"meta":{}},{"ancestorTitles":["Cart Store"],"fullName":"Cart Store should clear cart","status":"passed","title":"should clear cart","duration":0.8008999999992739,"failureMessages":[],"meta":{}},{"ancestorTitles":["Rewards Store"],"fullName":"Rewards Store should add loyalty points","status":"passed","title":"should add loyalty points","duration":22.26469999999972,"failureMessages":[],"meta":{}},{"ancestorTitles":["Rewards Store"],"fullName":"Rewards Store should redeem points","status":"passed","title":"should redeem points","duration":0.943199999999706,"failureMessages":[],"meta":{}},{"ancestorTitles":["AI Model A Configuration"],"fullName":"AI Model A Configuration should use Nemotron-3-Ultra 550B (free) as Model A primary with Qwen 3.7 Flash fallback","status":"passed","title":"should use Nemotron-3-Ultra 550B (free) as Model A primary with Qwen 3.7 Flash fallback","duration":0.2899999999999636,"failureMessages":[],"meta":{}},{"ancestorTitles":["AI Model A Configuration"],"fullName":"AI Model A Configuration chatWithAI should fall back to Qwen 3.7 Flash when Nemotron-3-Ultra 550B (free) fails (via ai-proxy EF)","status":"passed","title":"chatWithAI should fall back to Qwen 3.7 Flash when Nemotron-3-Ultra 550B (free) fails (via ai-proxy EF)","duration":160.34499999999935,"failureMessages":[],"meta":{}},{"ancestorTitles":["External Delivery Providers — offline sandbox logic"],"fullName":"External Delivery Providers — offline sandbox logic calculates provider cost from base + distance + item fee","status":"passed","title":"calculates provider cost from base + distance + item fee","duration":12.4358000000002,"failureMessages":[],"meta":{}},{"ancestorTitles":["External Delivery Providers — offline sandbox logic"],"fullName":"External Delivery Providers — offline sandbox logic returns -1 when distance is outside provider range","status":"passed","title":"returns -1 when distance is outside provider range","duration":0.6748999999999796,"failureMessages":[],"meta":{}},{"ancestorTitles":["External Delivery Providers — offline sandbox logic"],"fullName":"External Delivery Providers — offline sandbox logic selects the cheapest provider within coverage","status":"passed","title":"selects the cheapest provider within coverage","duration":1.1108000000003813,"failureMessages":[],"meta":{}},{"ancestorTitles":["External Delivery Providers — offline sandbox logic"],"fullName":"External Delivery Providers — offline sandbox logic returns null when no provider covers the dropoff","status":"passed","title":"returns null when no provider covers the dropoff","duration":0.
[...]
ame":"orderStateMachine — pure transition allow-list walks the full Same-Day chain forward","status":"passed","title":"walks the full Same-Day chain forward","duration":5.705399999999827,"failureMessages":[],"meta":{}},{"ancestorTitles":["orderStateMachine — pure transition allow-list"],"fullName":"orderStateMachine — pure transition allow-list walks the full Pre-Order chain forward","status":"passed","title":"walks the full Pre-Order chain forward","duration":0.9888999999993757,"failureMessages":[],"meta":{}},{"ancestorTitles":["orderStateMachine — pure transition allow-list"],"fullName":"orderStateMachine — pure transition allow-list denies skip-state jumps (Created → Delivered)","status":"passed","title":"denies skip-state jumps (Created → Delivered)","duration":0.49390000000039436,"failureMessages":[],"meta":{}},{"ancestorTitles":["orderStateMachine — pure transition allow-list"],"fullName":"orderStateMachine — pure transition allow-list denies backward transitions (Accepted → Created)","status":"passed","title":"denies backward transitions (Accepted → Created)","duration":0.37660000000050786,"failureMessages":[],"meta":{}},{"ancestorTitles":["orderStateMachine — pure transition allow-list"],"fullName":"orderStateMachine — pure transition allow-list denies passing a Same-Day state into the Pre-Order chain","status":"passed","title":"denies passing a Same-Day state into the Pre-Order chain","duration":0.39689999999973224,"failureMessages":[],"meta":{}},{"ancestorTitles":["orderStateMachine — pure transition allow-list"],"fullName":"orderStateMachine — pure transition allow-list blocks transition from a terminal state","status":"passed","title":"blocks transition from a terminal state","duration":0.5336999999999534,"failureMessages":[],"meta":{}},{"ancestorTitles":["orderStateMachine — pure transition allow-list"],"fullName":"orderStateMachine — pure transition allow-list allows admin cancel from a live state and failure only from Dispatched","status":"passed","title":"allows admin cancel from a live state and failure only from Dispatched","duration":0.6748999999999796,"failureMessages":[],"meta":{}},{"ancestorTitles":["orderStateMachine — pure transition allow-list"],"fullName":"orderStateMachine — pure transition allow-list returns the correct initial status per mode","status":"passed","title":"returns the correct initial status per mode","duration":0.5860999999995329,"failureMessages":[],"meta":{}},{"ancestorTitles":["useOrderStateMachine — reactive store"],"fullName":"useOrderStateMachine — reactive store advances through the chain and records history","status":"passed","title":"advances through the chain and records history","duration":4.04569999999967,"failureMessages":[],"meta":{}},{"ancestorTitles":["useOrderStateMachine — reactive store"],"fullName":"useOrderStateMachine — reactive store rejects an illegal jump","status":"passed","title":"rejects an illegal jump","duration":0.6431999999995242,"failureMessages":[],"meta":{}}],"startTime":1790437032411,"endTime":1790437032427.6433,"status":"passed","message":"","name":"D:/A PROJECT/Bite Me Baby/src/.kilo/worktrees/satisfying-aphid/src/__tests__/orderStateMachine.test.ts"},{"assertionResults":[{"ancestorTitles":["orderVocabulary — canonical status mapping (PAY-04)"],"fullName":"orderVocabulary — canonical status mapping (PAY-04) every server status maps to a client display in BOTH modes (no orphan)","status":"passed","title":"every server status maps to a client display in BOTH modes (no orphan)","duration":6.420599999999467,"failureMessages":[],"meta":{}},{"ancestorTitles":["orderVocabulary — canonical status mapping (PAY-04)"],"fullName":"orderVocabulary — canonical status mapping (PAY-04) every client status maps back to a server status","status":"passed","title":"every client status maps back to a server status","duration":6.340100000000348,"failureMessages":[],"meta":{}},{"ancestorTitles":["orderVocabulary — canonical status mapping (PAY-04)"],"fullName":"orderVocabulary — canonical status mapping (PAY-04) provider <-> server mapping is complete and bidirectional","status":"passed","title":"provider <-> server mapping is complete and bidirectional","duration":2.648599999999533,"failureMessages":[],"meta":{}},{"ancestorTitles":["orderVocabulary — canonical status mapping (PAY-04)"],"fullName":"orderVocabulary — canonical status mapping (PAY-04) every server status has a Thai UI label (no raw enum shown to customers)","status":"passed","title":"every server status has a Thai UI label (no raw enum shown to customers)","duration":4.385000000000218,"failureMessages":[],"meta":{}},{"ancestorTitles":["orderVocabulary — canonical status mapping (PAY-04)"],"fullName":"orderVocabulary — canonical status mapping (PAY-04) terminal/cancel special cases map exactly","status":"passed","title":"terminal/cancel special cases map exactly","duration":0.6894000000002052,"failureMessages":[],"meta":{}}],"startTime":1790437036684,"endTime":1790437036704.6895,"status":"passed","message":"","name":"D:/A PROJECT/Bite Me Baby/src/.kilo/worktrees/satisfying-aphid/src/__tests__/orderVocabulary.test.ts"},{"assertionResults":[{"ancestorTitles":["P0-5 Payment — server-authoritative intents"],"fullName":"P0-5 Payment — server-authoritative intents records non-card intents with the authoritative order amount","status":"passed","title":"records non-card intents with the authoritative order amount","duration":11.68920000000071,"failureMessages":[],"meta":{}},{"ancestorTitles":["P0-5 Payment — server-authoritative intents"],"fullName":"P0-5 Payment — server-authoritative intents refuses a client-supplied amount that does not match the order total","status":"passed","title":"refuses a client-supplied amount that does not match the order total","duration":4.79529999999977,"failureMessages":[],"meta":{}},{"ancestorTitles":["P0-5 Payment — server-authoritative intents"],"fullName":"P0-5 Payment — server-authoritative intents routes credit_card through the create-checkout Edge Function with the order number","status":"passed","title":"routes credit_card through the create-checkout Edge Function with the order number","duration":2.4512000000004264,"failureMessages":[],"meta":{}},{"ancestorTitles":["P0-5 Payment — server-authoritative intents"],"fullName":"P0-5 Payment — server-authoritative intents does NOT fabricate success when the checkout Edge Function is unavailable","status":"passed","title":"does NOT fabricate success when the checkout Edge Function is unavailable","duration":1.26759999999922,"failureMessages":[],"meta":{}},{"ancestorTitles":["P0-5 Payment — server-authoritative intents"],"fullName":"P0-5 Payment — server-authoritative intents PromptPay: TXN submit → processing, then admin confirmation → paid (idempotent)","status":"passed","title":"PromptPay: TXN submit → processing, then admin confirmation → paid (idempotent)","duration":3.449999999999818,"failureMessages":[],"meta":{}},{"ancestorTitles":["P0-5 Payment — server-authoritative intents"],"fullName":"P0-5 Payment — server-authoritative intents PromptPay: cannot confirm without a submitted TXN (intent still pending)","status":"passed","title":"PromptPay: cannot confirm without a submitted TXN (intent still pending)","duration":1.1298999999999069,"failureMessages":[],"meta":{}},{"ancestorTitles":["P0-5 Payment — server-authoritative intents"],"fullName":"P0-5 Payment — server-authoritative intents COD: can only be confirmed after the order is DELIVERED","status":"passed","title":"COD: can only be confirmed after the order is DELIVERED","duration":22.695600000000013,"failureMessages":[],"meta":{}},{"ancestorTitles":["P0-5 Payment — server-authoritative intents"],"fullName":"P0-5 Payment — server-authoritative intents record_payment_result: idempotent webhook + amount mismatch rejected","status":"passed","title":"record_payment_result: idempotent webhook + amount mismatch rejected","duration":2.1233000000001994,"failureMessages":[],"meta":{}},{"ancestorTitles":["P0-5 Payment — server-authoritative intents"],"fullName":"P0-5 Payment — server-authoritative intents 010 regression: checkout-created pending intent is NOT treated as an idempotent replay","status":"passed","title":"010 regression: checkout-created pending intent is NOT treated as an idempotent replay","duration":1.5308999999997468,"failureMessages":[],"meta":{}},{"ancestorTitles":["P0-6 Order state machine — allow-list enforcement"],"fullName":"P0-6 Order state machine — allow-list enforcement walks the forward fulfillment chain","status":"passed","title":"walks the forward fulfillment chain","duration":13.86160000000018,"failureMessages":[],"meta":{}},{"ancestorTitles":["P0-6 Order state machine — allow-list enforcement"],"fullName":"P0-6 Order state machine — allow-list enforcement denies skip-state jumps (pending → delivered)","status":"passed","title":"denies skip-state jumps (pending → delivered)","duration":2.5045000000000073,"failureMessages":[],"meta":{}},{"ancestorTitles":["P0-6 Order state machine — allow-list enforcement"],"fullName":"P0-6 Order state machine — allow-list enforcement denies backward transitions (confirmed → pending)","status":"passed","title":"denies backward transitions (confirmed → pending)","duration":3.239599999999882,"failureMessages":[],"meta":{}},{"ancestorTitles":["P0-6 Order state machine — allow-list enforcement"],"fullName":"P0-6 Order state machine — allow-list enforcement allows admin cancel from preparing","status":"passed","title":"allows admin cancel from preparing","duration":4.958599999999933,"failureMessages":[],"meta":{}},{"ancestorTitles":["P0-6 Order state machine — allow-list enforcement"],"fullName":"P0-6 Order state machine — allow-list enforcement allows failed from in_transit","status":"passed","title":"allows failed from in_transit","duration":13.326500000000124,"failureMessages":[],"meta":{}},{"ancestorTitles":["P0-6 Order state machine — allow-list enforcement"],"fullName":"P0-6 Order state machine — allow-list enforcement mark_payment_failed flips pending/processing intents to failed","status":"passed","title":"mark_payment_failed flips pending/processing intents to failed","duration":1.376299999999901,"failureMessages":[],"meta":{}}],"startTime":1790437031718,"endTime":1790437031809.3762,"status":"passed","message":"","name":"D:/A PROJECT/Bite Me Baby/src/.kilo/worktrees/satisfying-aphid/src/__tests__/paymentStateMachine.test.ts"},{"assertionResults":[{"ancestorTitles":["Phase 5 — AI-02 advanced guardrails"],"fullName":"Phase 5 — AI-02 advanced guardrails detects obfuscations / indirect injections","status":"passed","title":"detects obfuscations / indirect injections","duration":27.235599999999977,"failureMessages":[],"meta":{}},{"ancestorTitles":["Phase 6 — CI-01 server-side customer intelligence"],"fullName":"Phase 6 — CI-01 server-side customer intelligence computes segment breakdown for the dashboard","status":"passed","title":"computes segment breakdown for the dashboard","duration":17.82000000000062,"failureMessages":[],"meta":{}},{"ancestorTitles":["Phase 6 — CI-01 server-side customer intelligence"],"fullName":"Phase 6 — CI-01 server-side customer intelligence memory merge keeps both keys after two saves (cross-cutting AI-03)","status":"passed","title":"memory merge keeps both keys after two saves (cross-cutting AI-03)","duration":14.594100000000253,"failureMessages":[],"meta":{}},{"ancestorTitles":["Phase 7 — CNT-01 content approval (no auto-publish)"],"fullName":"Phase 7 — CNT-01 content approval (no auto-publish) blocks publishing anything that is not approved","status":"passed","title":"blocks publishing anything that is not approved","duration":3.7100000000000364,"failureMessages":[],"meta":{}},{"ancestorTitles":["Phase 7 — CNT-01 content approval (no auto-publish)"],"fullName":"Phase 7 — CNT-01 content approval (no auto-publish) submits a submission, reviews it, and the gate opens only after approval","status":"passed","title":"submits a submission, reviews it, and the gate opens only after approval","duration":2.5435999999999694,"failureMessages":[],"meta":{}}],"startTime":1790437031858,"endTime":1790437031925.5437,"status":"passed","message":"","name":"D:/A PROJECT/Bite Me Baby/src/.kilo/worktrees/satisfying-aphid/src/__tests__/phases5_7.test.ts"},{"assertionResults":[{"ancestorTitles":["provider registry (DEL-03)"],"fullName":"provider registry (DEL-03) registers all four channels with correct live statuses","status":"passed","title":"registers all four channels with correct live statuses","duration":4.992000000000189,"failureMessages":[],"meta":{}},{"ancestorTitles":["provider registry (DEL-03)"],"fullName":"provider registry (DEL-03) resolves an adapter per provider id","status":"passed","title":"resolves an adapter per provider id","duration":1.9629000000004453,"failureMessages":[],"meta":{}},{"ancestorTitles":["GrabAdapter (DEL-03 — plug-in ready)"],"fullName":"GrabAdapter (DEL-03 — plug-in ready) degrades to estimate when NO credentials (sandbox)","status":"passed","title":"degrades to estimate when NO credentials (sandbox)","duration":0.9026000000003478,"failureMessages":[],"meta":{}},{"ancestorTitles":["GrabAdapter (DEL-03 — plug-in ready)"],"fullName":"GrabAdapter (DEL-03 — plug-in ready) calls the live API when credentials exist (quote path)","status":"passed","title":"calls the live API when credentials exist (quote path)","duration":11.475400000000263,"failureMessages":[],"meta":{}},{"ancestorTitles":["GrabAdapter (DEL-03 — plug-in ready)"],"fullName":"GrabAdapter (DEL-03 — plug-in ready) falls back to estimate when a live call fails (quote must never break checkout)","status":"passed","title":"falls back to estimate when a live call fails (quote must never break checkout)","duration":1.550799999999981,"failureMessages":[],"meta":{}},{"ancestorTitles":["LinemanAdapter (DEL-03 — plug-in ready)"],"fullName":"LinemanAdapter (DEL-03 — plug-in ready) uses sandbox estimate without key","status":"passed","title":"uses sandbox estimate without key","duration":0.9199999999991633,"failureMessages":[],"meta":{}},{"ancestorTitles":["LinemanAdapter (DEL-03 — plug-in ready)"],"fullName":"LinemanAdapter (DEL-03 — plug-in ready) reads the live quotation when key present","status":"passed","title":"reads the live quotation when key present","duration":1.1023999999997613,"failureMessages":[],"meta":{}}],"startTime":1790437036917,"endTime":1790437036940.1023,"status":"passed","message":"","name":"D:/A PROJECT/Bite Me Baby/src/.kilo/worktrees/satisfying-aphid/src/__tests__/providers.test.ts"},{"assertionResults":[{"ancestorTitles":["etaAccuracySummary (DEL-04 — tolerance ≤ 15 นาที/จุด)"],"fullName":"etaAccuracySummary (DEL-04 — tolerance ≤ 15 นาที/จุด) flags within-tolerance when every stop error ≤ 15 min","status":"passed","title":"flags within-tolerance when every stop error ≤ 15 min","duration":3.9953000000004977,"failureMessages":[],"meta":{}},{"ancestorTitles":["etaAccuracySummary (DEL-04 — tolerance ≤ 15 นาที/จุด)"],"fullName":"etaAccuracySummary (DEL-04 — tolerance ≤ 15 นาที/จุด) flags out-of-tolerance when any stop exceeds 15 min error","status":"passed","title":"flags out-of-tolerance when any stop exceeds 15 min error","duration":0.5401000000001659,"failureMessages":[],"meta":{}},{"ancestorTitles":["etaAccuracySummary (DEL-04 — tolerance ≤ 15 นาที/จุด)"],"fullName":"etaAccuracySummary (DEL-04 — tolerance ≤ 15 นาที/จุด) empty reports = within tolerance (no data yet)","status":"passed","title":"empty reports = within tolerance (no data yet)","duration":0.39200000000073487,"failureMessages":[],"meta":{}},{"ancestorTitles":["calibratedEtaMinutes (DEL-04 — learn from actual times)"],"fullName":"calibratedEtaMinutes (DEL-04 — learn from actual times) falls back to the stock heuristic without history","status":"passed","title":"falls back to the stock heuristic without history","duration":0.5695999999998094,"failureMessages":[],"meta":{}},{"ancestorTitles":["calibratedEtaMinutes (DEL-04 — learn from actual times)"],"fullName":"calibratedEtaMinutes (DEL-04 — learn from actual times) uses observed minutes-per-km when samples exist","status":"passed","title":"uses observed minutes-per-km when samples exist","duration":0.404700000000048,"failureMessages":[],"meta":{}}],"startTime":1790437057622,"endTime":1790437057629.4048,"status":"passed","message":"","name":"D:/A PROJECT/Bite Me Baby/src/.kilo/worktrees/satisfying-aphid/src/__tests__/routeEta.test.ts"},{"assertionResults":[{"ancestorTitles":["stripe-refund EF logic"],"fullName":"stripe-refund EF logic rejects a refund that exceeds the remaining charge (full paid)","status":"passed","title":"rejects a refund that exceeds the remaining charge (full paid)","duration":3.7375999999994747,"failureMessages":[],"meta":{}},{"ancestorTitles":["stripe-refund EF logic"],"fullName":"stripe-refund EF logic tracks partial refunds and recomputes the remaining amount","status":"passed","title":"tracks partial refunds and recomputes the remaining amount","duration":0.662199999999757,"failureMessages":[],"meta":{}},{"ancestorTitles":["stripe-refund EF logic"],"fullName":"stripe-refund EF logic maps to full refund when total refunds reach the charged amount","status":"passed","title":"maps to full refund when total refunds reach the charged amount","duration":0.4831000000003769,"failureMessages":[],"meta":{}},{"ancestorTitles":["stripe-refund EF logic"],"fullName":"stripe-refund EF logic builds a deterministic idempotency key per (order, amount)","status":"passed","title":"builds a deterministic idempotency key per (order, amount)","duration":0.4272999999993772,"failureMessages":[],"meta":{}},{"ancestorTitles":["stripe-refund EF logic"],"fullName":"stripe-refund EF logic tolerates a missing/empty metadata ledger (fresh intent row)","status":"passed","title":"tolerates a missing/empty metadata ledger (fresh intent row)","duration":1.7379000000000815,"failureMessages":[],"meta":{}}],"startTime":1790437056638,"endTime":1790437056644.7378,"status":"passed","message":"","name":"D:/A PROJECT/Bite Me Baby/src/.kilo/worktrees/satisfying-aphid/src/__tests__/stripeRefundLogic.test.ts"},{"assertionResults":[{"ancestorTitles":["Stripe webhook HMAC verification (WebCrypto)"],"fullName":"Stripe webhook HMAC verification (WebCrypto) accepts a valid HMAC signature (importKey + sign pattern)","status":"passed","title":"accepts a valid HMAC signature (importKey + sign pattern)","duration":18.67329999999947,"failureMessages":[],"meta":{}},{"ancestorTitles":["Stripe webhook HMAC verification (WebCrypto)"],"fullName":"Stripe webhook HMAC verification (WebCrypto) rejects a signature made with the wrong secret","status":"passed","title":"rejects a signature made with the wrong secret","duration":1.9601000000002387,"failureMessages":[],"meta":{}},{"ancestorTitles":["Stripe webhook HMAC verification (WebCrypto)"],"fullName":"Stripe webhook HMAC verification (WebCrypto) rejects a tampered body (signature does not match)","status":"passed","title":"rejects a tampered body (signature does not match)","duration":1.4173000000000684,"failureMessages":[],"meta":{}},{"ancestorTitles":["Stripe webhook HMAC verification (WebCrypto)"],"fullName":"Stripe webhook HMAC verification (WebCrypto) rejects an unsigned/incomplete header","status":"passed","title":"rejects an unsigned/incomplete header","duration":0.6289999999999054,"failureMessages":[],"meta":{}},{"ancestorTitles":["Stripe webhook HMAC verification (WebCrypto)"],"fullName":"Stripe webhook HMAC verification (WebCrypto) GUARDS the crypto.subtle.sign misuse: raw bytes are NOT a CryptoKey","status":"passed","title":"GUARDS the crypto.subtle.sign misuse: raw bytes are NOT a CryptoKey","duration":7.756800000000112,"failureMessages":[],"meta":{}}],"startTime":1790437037241,"endTime":1790437037271.7568,"status":"passed","message":"","name":"D:/A PROJECT/Bite Me Baby/src/.kilo/worktrees/satisfying-aphid/src/__tests__/stripeWebhookSignature.test.ts"}]}