{"numTotalTestSuites":156,"numPassedTestSuites":156,"numFailedTestSuites":0,"numPendingTestSuites":0,"numTotalTests":358,"numPassedTests":358,"numFailedTests":0,"numPendingTests":0,"numTodoTests":0,"snapshot":{"added":0,"failure":false,"filesAdded":0,"filesRemoved":0,"filesRemovedList":[],"filesUnmatched":0,"filesUpdated":0,"matched":0,"total":0,"unchecked":0,"uncheckedKeysByFile":[],"unmatched":0,"updated":0,"didUpdate":false},"startTime":1790437639930,"success":true,"testResults":[{"assertionResults":[{"ancestorTitles":["addonDisplay"],"fullName":"addonDisplay getAddonForId finds the group by id","status":"passed","title":"getAddonForId finds the group by id","duration":9.50669999999991,"failureMessages":[],"meta":{}},{"ancestorTitles":["addonDisplay"],"fullName":"addonDisplay resolveAddOnLines renders checkbox & radio selections with prices","status":"passed","title":"resolveAddOnLines renders checkbox & radio selections with prices","duration":6.463900000000649,"failureMessages":[],"meta":{}},{"ancestorTitles":["addonDisplay"],"fullName":"addonDisplay text-type add-ons render note and cost one unit","status":"passed","title":"text-type add-ons render note and cost one unit","duration":1.0721999999996115,"failureMessages":[],"meta":{}},{"ancestorTitles":["addonDisplay"],"fullName":"addonDisplay empty selections are skipped (radio/checkbox)","status":"passed","title":"empty selections are skipped (radio/checkbox)","duration":4.462199999999939,"failureMessages":[],"meta":{}},{"ancestorTitles":["addonDisplay"],"fullName":"addonDisplay addOnTotalFor sums the add-on estimate","status":"passed","title":"addOnTotalFor sums the add-on estimate","duration":0.5722999999998137,"failureMessages":[],"meta":{}},{"ancestorTitles":["addonDisplay"],"fullName":"addonDisplay addOnSummaryText produces a readable one-liner","status":"passed","title":"addOnSummaryText produces a readable one-liner","duration":1.2510000000002037,"failureMessages":[],"meta":{}},{"ancestorTitles":["addonDisplay"],"fullName":"addonDisplay addOnLinesFromChoices supports order snapshots without full product","status":"passed","title":"addOnLinesFromChoices supports order snapshots without full product","duration":0.6048000000000684,"failureMessages":[],"meta":{}}],"startTime":1790437673550,"endTime":1790437673574.6047,"status":"passed","message":"","name":"D:/A PROJECT/Bite Me Baby/src/__tests__/addonDisplay.test.ts"},{"assertionResults":[{"ancestorTitles":["adminUi — role-based admin link"],"fullName":"adminUi — role-based admin link opens for any admin role regardless of email","status":"passed","title":"opens for any admin role regardless of email","duration":7.1129000000000815,"failureMessages":[],"meta":{}},{"ancestorTitles":["adminUi — role-based admin link"],"fullName":"adminUi — role-based admin link keeps the legacy seeded admin emails as a fallback","status":"passed","title":"keeps the legacy seeded admin emails as a fallback","duration":1.0653999999994994,"failureMessages":[],"meta":{}},{"ancestorTitles":["adminUi — role-based admin link"],"fullName":"adminUi — role-based admin link stays closed for ordinary customers","status":"passed","title":"stays closed for ordinary customers","duration":0.8811000000005151,"failureMessages":[],"meta":{}},{"ancestorTitles":["adminUi — category heading slug + image source validation"],"fullName":"adminUi — category heading slug + image source validation slugifies category heading names","status":"passed","title":"slugifies category heading names","duration":1.1376999999993131,"failureMessages":[],"meta":{}},{"ancestorTitles":["adminUi — category heading slug + image source validation"],"fullName":"adminUi — category heading slug + image source validation falls back to a unique slug for non-latin headings","status":"passed","title":"falls back to a unique slug for non-latin headings","duration":1.013200000001234,"failureMessages":[],"meta":{}},{"ancestorTitles":["adminUi — category heading slug + image source validation"],"fullName":"adminUi — category heading slug + image source validation accepts data-URL uploads and http(s) image sources only","status":"passed","title":"accepts data-URL uploads and http(s) image sources only","duration":1.6464999999989232,"failureMessages":[],"meta":{}},{"ancestorTitles":["adminUi — admin navigation catalogue"],"fullName":"adminUi — admin navigation catalogue covers dashboard, products, media and content approvals","status":"passed","title":"covers dashboard, products, media and content approvals","duration":5.915399999999863,"failureMessages":[],"meta":{}},{"ancestorTitles":["PHASE 6 — category CRUD via admin API (Supabase mock)"],"fullName":"PHASE 6 — category CRUD via admin API (Supabase mock) creates, renames and deletes a category heading","status":"passed","title":"creates, renames and deletes a category heading","duration":8.386600000001636,"failureMessages":[],"meta":{}},{"ancestorTitles":["PHASE 7 — CNT-01 content approval gate"],"fullName":"PHASE 7 — CNT-01 content approval gate submits banner content for approval and opens the gate only after approval","status":"passed","title":"submits banner content for approval and opens the gate only after approval","duration":9.637199999999211,"failureMessages":[],"meta":{}},{"ancestorTitles":["PHASE 7 — CNT-01 content approval gate"],"fullName":"PHASE 7 — CNT-01 content approval gate keeps the publish gate closed for anything not approved","status":"passed","title":"keeps the publish gate closed for anything not approved","duration":1.3844000000008236,"failureMessages":[],"meta":{}},{"ancestorTitles":["PHASE 7 — CNT-01 content approval gate"],"fullName":"PHASE 7 — CNT-01 content approval gate saving a banner promotion routes it through the approval workflow","status":"passed","title":"saving a banner promotion routes it through the approval workflow","duration":4.767899999998917,"failureMessages":[],"meta":{}}],"startTime":1790437660187,"endTime":1790437660231.7678,"status":"passed","message":"","name":"D:/A PROJECT/Bite Me Baby/src/__tests__/adminUi.test.ts"},{"assertionResults":[{"ancestorTitles":["validateUserPrompt (AI-02 — injection/money-override rejection)"],"fullName":"validateUserPrompt (AI-02 — injection/money-override rejection) allows normal customer questions","status":"passed","title":"allows normal customer questions","duration":5.5590000000001965,"failureMessages":[],"meta":{}},{"ancestorTitles":["validateUserPrompt (AI-02 — injection/money-override rejection)"],"fullName":"validateUserPrompt (AI-02 — injection/money-override rejection) rejects direct prompt injection (ignore instructions)","status":"passed","title":"rejects direct prompt injection (ignore instructions)","duration":1.0299000000004526,"failureMessages":[],"meta":{}},{"ancestorTitles":["validateUserPrompt (AI-02 — injection/money-override rejection)"],"fullName":"validateUserPrompt (AI-02 — injection/money-override rejection) rejects role-swap injection","status":"passed","title":"rejects role-swap injection","duration":0.527299999999741,"failureMessages":[],"meta":{}},{"ancestorTitles":["validateUserPrompt (AI-02 — injection/money-override rejection)"],"fullName":"validateUserPrompt (AI-02 — injection/money-override rejection) rejects stock/price/order/payment overrides","status":"passed","title":"rejects stock/price/order/payment overrides","duration":1.0079999999998108,"failureMessages":[],"meta":{}},{"ancestorTitles":["assertReadOnlyTool (AI-02 — tools are read-only)"],"fullName":"assertReadOnlyTool (AI-02 — tools are read-only) allows all registered read tools","status":"passed","title":"allows all registered read tools","duration":0.9609000000000378,"failureMessages":[],"meta":{}},{"ancestorTitles":["assertReadOnlyTool (AI-02 — tools are read-only)"],"fullName":"assertReadOnlyTool (AI-02 — tools are read-only) refuses any non-read tool name","status":"passed","title":"refuses any non-read tool name","duration":0.919699999999466,"failureMessages":[],"meta":{}},{"ancestorTitles":["buildServerGuardrail (AI-02 — immutable server segment)"],"fullName":"buildServerGuardrail (AI-02 — immutable server segment) contains the money/stock non-negotiable rules","status":"passed","title":"contains the money/stock non-negotiable rules","duration":3.186999999999898,"failureMessages":[],"meta":{}}],"startTime":1790437675990,"endTime":1790437676004.187,"status":"passed","message":"","name":"D:/A PROJECT/Bite Me Baby/src/__tests__/aiGuardrails.test.ts"},{"assertionResults":[{"ancestorTitles":["aiServerMemory (AI-03 — server memory + cross-device merge)"],"fullName":"aiServerMemory (AI-03 — server memory + cross-device merge) persists then reloads the same memory through the RPC (round-trip)","status":"passed","title":"persists then reloads the same memory through the RPC (round-trip)","duration":41.84270000000106,"failureMessages":[],"meta":{}},{"ancestorTitles":["aiServerMemory (AI-03 — server memory + cross-device merge)"],"fullName":"aiServerMemory (AI-03 — server memory + cross-device merge) flattens local customer memory into the server shape","status":"passed","title":"flattens local customer memory into the server shape","duration":1.573500000000422,"failureMessages":[],"meta":{}},{"ancestorTitles":["aiServerMemory (AI-03 — server memory + cross-device merge)"],"fullName":"aiServerMemory (AI-03 — server memory + cross-device merge) server memory wins over local on merged keys","status":"passed","title":"server memory wins over local on merged keys","duration":1.6278999999994994,"failureMessages":[],"meta":{}}],"startTime":1790437658772,"endTime":1790437658816.628,"status":"passed","message":"","name":"D:/A PROJECT/Bite Me Baby/src/__tests__/aiServerMemory.test.ts"},{"assertionResults":[{"ancestorTitles":["Products API"],"fullName":"Products API should get products","status":"passed","title":"should get products","duration":5.262700000001132,"failureMessages":[],"meta":{}},{"ancestorTitles":["Products API"],"fullName":"Products API should get product by id","status":"passed","title":"should get product by id","duration":1.4508999999998196,"failureMessages":[],"meta":{}},{"ancestorTitles":["Products API"],"fullName":"Products API should create product","status":"passed","title":"should create product","duration":1.1315000000013242,"failureMessages":[],"meta":{}},{"ancestorTitles":["Products API"],"fullName":"Products API should update product","status":"passed","title":"should update product","duration":1.1054000000003725,"failureMessages":[],"meta":{}},{"ancestorTitles":["Products API"],"fullName":"Products API should delete product","status":"passed","title":"should delete product","duration":1.1379000000015367,"failureMessages":[],"meta":{}},{"ancestorTitles":["Categories API"],"fullName":"Categories API should get categories","status":"passed","title":"should get categories","duration":1.5965999999989435,"failureMessages":[],"meta":{}},{"ancestorTitles":["Categories API"],"fullName":"Categories API should have required fields","status":"passed","title":"should have required fields","duration":6.025099999998929,"failureMessages":[],"meta":{}},{"ancestorTitles":["Orders API"],"fullName":"Orders API should get orders","status":"passed","title":"should get orders","duration":0.988099999998667,"failureMessages":[],"meta":{}},{"ancestorTitles":["Orders API"],"fullName":"Orders API should create order via server-authoritative RPC (INPUT ONLY)","status":"passed","title":"should create order via server-authoritative RPC (INPUT ONLY)","duration":6.513600000000224,"failureMessages":[],"meta":{}},{"ancestorTitles":["Orders API"],"fullName":"Orders API should update order status","status":"passed","title":"should update order status","duration":116.2487000000001,"failureMessages":[],"meta":{}},{"ancestorTitles":["P0-4 Server-authoritative order (create_order_with_items)"],"fullName":"P0-4 Server-authoritative order (create_order_with_items) ignores client-supplied financial fields (price/subtotal/total tamper)","status":"passed","title":"ignores client-supplied financial fields (price/subtotal/total tamper)","duration":1.3081999999994878,"failureMessages":[],"meta":{}},{"ancestorTitles":["P0-4 Server-authoritative order (create_order_with_items)"],"fullName":"P0-4 Server-authoritative order (create_order_with_items) uses current DB price when products.price changes (no client price)","status":"passed","title":"uses current DB price when products.price changes (no client price)","duration":5.66189999999915,"failureMessages":[],"meta":{}},{"ancestorTitles":["P0-4 Server-authoritative order (create_order_with_items)"],"fullName":"P0-4 Server-authoritative order (create_order_with_items) rejects inactive product (ERR_PRODUCT_UNAVAILABLE)","status":"passed","title":"rejects inactive product (ERR_PRODUCT_UNAVAILABLE)","duration":1.0212000000010448,"failureMessages":[],"meta":{}},{"ancestorTitles":["P0-4 Server-authoritative order (create_order_with_items)"],"fullName":"P0-4 Server-authoritative order (create_order_with_items) rejects nonexistent product (ERR_PRODUCT_NOT_FOUND)","status":"passed","title":"rejects nonexistent product (ERR_PRODUCT_NOT_FOUND)","duration":0.7655000000013388,"failureMessages":[],"meta":{}},{"ancestorTitles":["P0-4 Server-authoritative order (create_order_with_items)"],"fullName":"P0-4 Server-authoritative order (create_order_with_items) rejects invalid quantity 0 / negative / >1000 (ERR_INVALID_QUANTITY)","status":"passed","title":"rejects invalid quantity 0 / negative / >1000 (ERR_INVALID_QUANTITY)","duration":1.184900000000198,"failureMessages":[],"meta":{}},{"ancestorTitles":["P0-4 Server-authoritative order — capacity & atomicity"],"fullName":"P0-4 Server-authoritative order — capacity & atomicity rejects when round is full (ERR_CAPACITY_FULL) — no overselling","status":"passed","title":"rejects when round is full (ERR_CAPACITY_FULL) — no overselling","duration":1.9134000000012747,"failureMessages":[],"meta":{}},{"ancestorTitles":["P0-4 Server-authoritative order — capacity & atomicity"],"fullName":"P0-4 Server-authoritative order — capacity & atomicity rejects unknown / closed round (ERR_ROUND_NOT_FOUND / ERR_ROUND_CLOSED)","status":"passed","title":"rejects unknown / closed round (ERR_ROUND_NOT_FOUND / ERR_ROUND_CLOSED)","duration":1.0317999999988388,"failureMessages":[],"meta":{}},{"ancestorTitles":["P0-4 Server-authoritative order — capacity & atomicity"],"fullName":"P0-4 Server-authoritative order — capacity & atomicity rejects empty order and missing customer name","status":"passed","title":"rejects empty order and missing customer name","duration":0.7621999999992113,"failureMessages":[],"meta":{}},{"ancestorTitles":["P0-4 Server-authoritative order — capacity & atomicity"],"fullName":"P0-4 Server-authoritative order — capacity & atomicity applies authoritative promotion discount from promotions table only","status":"passed","title":"applies authoritative promotion discount from promotions table only","duration":1.2201999999997497,"failureMessages":[],"meta":{}},{"ancestorTitles":["P0-4 Server-authoritative order — capacity & atomicity"],"fullName":"P0-4 Server-authoritative order — capacity & atomicity atomicity: failed creation persists NO order and NO order_items (no orphans)","status":"passed","title":"atomicity: failed creation persists NO order and NO order_items (no orphans)","duration":1.4372000000003027,"failureMessages":[],"meta":{}},{"ancestorTitles":["Storage Layer"],"fullName":"Storage Layer should set and get values","status":"passed","title":"should set and get values","duration":6.960300000000643,"failureMessages":[],"meta":{}},{"ancestorTitles":["Storage Layer"],"fullName":"Storage Layer should return default value if key not found","status":"passed","title":"should return default value if key not found","duration":0.368399999999383,"failureMessages":[],"meta":{}},{"ancestorTitles":["Storage Layer"],"fullName":"Storage Layer should clear storage","status":"passed","title":"should clear storage","duration":0.6365000000005239,"failureMessages":[],"meta":{}},{"ancestorTitles":["Cart Store"],"fullName":"Cart Store should add item to cart","status":"passed","title":"should add item to cart","duration":235.01159999999982,"failureMessages":[],"meta":{}},{"ancestorTitles":["Cart Store"],"fullName":"Cart Store should clear cart","status":"passed","title":"should clear cart","duration":5.070000000001528,"failureMessages":[],"meta":{}},{"ancestorTitles":["Rewards Store"],"fullName":"Rewards Store should add loyalty points","status":"passed","title":"should add loyalty points","duration":64.47849999999926,"failureMessages":[],"meta":{}},{"ancestorTitles":["Rewards Store"],"fullName":"Rewards Store should redeem points","status":"passed","title":"should redeem points","duration":1.334899999999834,"failureMessages":[],"meta":{}},{"ancestorTitles":["AI Model A Configuration"],"fullName":"AI Model A Configuration should use Nemotron-3-Ultra 550B (free) as Model A primary with Qwen 3.7 Flash fallback","status":"passed","title":"should use Nemotron-3-Ultra 550B (free) as Model A primary with Qwen 3.7 Flash fallback","duration":0.4054999999989377,"failureMessages":[],"meta":{}},{"ancestorTitles":["AI Model A Configuration"],"fullName":"AI Model A Configuration chatWithAI should fall back to Qwen 3.7 Flash when Nemotron-3-Ultra 550B (free) fails (via ai-proxy EF)","status":"passed","title":"chatWithAI should fall back to Qwen 3.7 Flash when Nemotron-3-Ultra 550B (free) fails (via ai-proxy EF)","duration":500.7353999999996,"failureMessages":[],"meta":{}},{"ancestorTitles":["External Delivery Providers — offline sandbox logic"],"fullName":"External Delivery Providers — offline sandbox logic calculates provider cost from base + distance + item fee","status":"passed","title":"calculates provider cost from base + distance + item fee","duration":107.29190000000017,"failureMessages":[],"meta":{}},{"ancestorTitles":["External Delivery Providers — offline sandbox logic"],"fullName":"External Delivery Providers — offline sandbox logic returns -1 when distance is outside provider range","status":"passed","title":"returns -1 when distance is outside provider range","duration":0.8271000000004278,"failureMessages":[],"meta":{}},{"ancestorTitles":["External Delivery Providers — offline sandbox logic"],"fullName":"External Delivery Providers — offline sandbox logic selects the cheapest provider within coverage","status":"passed","title":"selects the cheapest provider within coverage","duration":1.2872999999999593,"failureMessages":[],"meta":{}},{"ancestorTitles":["External Delivery Providers — offline sandbox logic"],"fullName":"External Delivery Providers — offline sandbox logic returns null when no provider covers the dropoff","status":"passed","title":"returns null when no provider covers the dropoff","duration":0.6958000000013271,"failureMessages":[],"meta":{}},{"ancestorTitles":["External Delivery Providers — offline sandbox logic"],"fullName":"External Delivery Providers — offline sandbox logic creates an accepted provider order (sandbox persist)","status":"passed","title":"creates an accepted provider order (sandbox persist)","duration":0.9766999999992549,"failureMessages":[],"meta":{}},{"ancestorTitles":["Pre-order API — canonical creation through create_order_with_items (Phase 3B)"],"fullName":"Pre-order API — canonical creation through create_order_with_items (Phase 3B) creates a PRE_ORDER canonical order with a PO- order number","status":"passed","title":"creates a PRE_ORDER canonical order with a PO- order number","duration":2.181800000000294,"failureMessages":[],"meta":{}},{"ancestorTitles":["Pre-order API — canonical creation through create_order_with_items (Phase 3B)"],"fullName":"Pre-order API — canonical creation through create_order_with_items (Phase 3B) the created PRE_ORDER row lives in canonical orders (mode + scheduled_date)","status":"passed","title":"the created PRE_ORDER row lives in canonical orders (mode + scheduled_date)","duration":53.475500000000466,"failureMessages":[],"meta":{}}],"startTime":1790437650277,"endTime":1790437651419.4756,"status":"passed","message":"","name":"D:/A PROJECT/Bite Me Baby/src/__tests__/api.test.ts"},{"assertionResults":[{"ancestorTitles":["availabilityEngine — Truth Table (quota & cutoff)"],"fullName":"availabilityEngine — Truth Table (quota & cutoff) is available when quota is open and target is far enough ahead","status":"passed","title":"is available when quota is open and target is far enough ahead","duration":5.038099999999758,"failureMessages":[],"meta":{}},{"ancestorTitles":["availabilityEngine — Truth Table (quota & cutoff)"],"fullName":"availabilityEngine — Truth Table (quota & cutoff) blocks when the daily quota ceiling is reached (quota_full)","status":"passed","title":"blocks when the daily quota ceiling is reached (quota_full)","duration":1.0806000000002314,"failureMessages":[],"meta":{}},{"ancestorTitles":["availabilityEngine — Truth Table (quota & cutoff)"],"fullName":"availabilityEngine — Truth Table (quota & cutoff) blocks when the cutoff lead time is not met (cutoff_passed)","status":"passed","title":"blocks when the cutoff lead time is not met (cutoff_passed)","duration":1.05829999999969,"failureMessages":[],"meta":{}},{"ancestorTitles":["availabilityEngine — Truth Table (quota & cutoff)"],"fullName":"availabilityEngine — Truth Table (quota & cutoff) convenience helper matches the boolean contract","status":"passed","title":"convenience helper matches the boolean contract","duration":1.001800000000003,"failureMessages":[],"meta":{}},{"ancestorTitles":["availabilityEngine — Truth Table (quota & cutoff)"],"fullName":"availabilityEngine — Truth Table (quota & cutoff) warns when the quota is near the ceiling","status":"passed","title":"warns when the quota is near the ceiling","duration":1.1403000000000247,"failureMessages":[],"meta":{}}],"startTime":1790437689780,"endTime":1790437689790.1404,"status":"passed","message":"","name":"D:/A PROJECT/Bite Me Baby/src/__tests__/availabilityEngine.test.ts"},{"assertionResults":[{"ancestorTitles":["useBiteAIStore — 4-Stage Mascot Service"],"fullName":"useBiteAIStore — 4-Stage Mascot Service starts in the ambient stage, not greeted","status":"passed","title":"starts in the ambient stage, not greeted","duration":57.869799999999486,"failureMessages":[],"meta":{}},{"ancestorTitles":["useBiteAIStore — 4-Stage Mascot Service"],"fullName":"useBiteAIStore — 4-Stage Mascot Service Stage 1: firstInteraction enables the greeting flag once","status":"passed","title":"Stage 1: firstInteraction enables the greeting flag once","duration":29.890300000000025,"failureMessages":[],"meta":{}},{"ancestorTitles":["useBiteAIStore — 4-Stage Mascot Service"],"fullName":"useBiteAIStore — 4-Stage Mascot Service Stage 2: pushes an upsell prompt when below the free-shipping margin","status":"passed","title":"Stage 2: pushes an upsell prompt when below the free-shipping margin","duration":12.606299999999464,"failureMessages":[],"meta":{}},{"ancestorTitles":["useBiteAIStore — 4-Stage Mascot Service"],"fullName":"useBiteAIStore — 4-Stage Mascot Service Stage 2: congrats when the cart already meets the free-shipping margin","status":"passed","title":"Stage 2: congrats when the cart already meets the free-shipping margin","duration":0.5757000000003245,"failureMessages":[],"meta":{}},{"ancestorTitles":["useBiteAIStore — 4-Stage Mascot Service"],"fullName":"useBiteAIStore — 4-Stage Mascot Service Stage 3: triggerMicroHook switches stage and sets a quota warning bubble","status":"passed","title":"Stage 3: triggerMicroHook switches stage and sets a quota warning bubble","duration":0.6042999999999665,"failureMessages":[],"meta":{}},{"ancestorTitles":["useBiteAIStore — 4-Stage Mascot Service"],"fullName":"useBiteAIStore — 4-Stage Mascot Service Stage 4: openChat enters full-screen mode and pipes the UI context","status":"passed","title":"Stage 4: openChat enters full-screen mode and pipes the UI context","duration":0.619699999999284,"failureMessages":[],"meta":{}},{"ancestorTitles":["useBiteAIStore — 4-Stage Mascot Service"],"fullName":"useBiteAIStore — 4-Stage Mascot Service closeChat returns to ambient with a friendly bubble","status":"passed","title":"closeChat returns to ambient with a friendly bubble","duration":0.8927000000003318,"failureMessages":[],"meta":{}},{"ancestorTitles":["useBiteAIStore — 4-Stage Mascot Service"],"fullName":"useBiteAIStore — 4-Stage Mascot Service Security boundary: the ONLY transactional hook is EXECUTE_ADD_TO_CART","status":"passed","title":"Security boundary: the ONLY transactional hook is EXECUTE_ADD_TO_CART","duration":0.7336000000004788,"failureMessages":[],"meta":{}}],"startTime":1790437682541,"endTime":1790437682645.7336,"status":"passed","message":"","name":"D:/A PROJECT/Bite Me Baby/src/__tests__/biteAIStore.test.ts"},{"assertionResults":[{"ancestorTitles":["ensure_rounds_for_date — deterministic rounds for the PRE_ORDER date picker"],"fullName":"ensure_rounds_for_date — deterministic rounds for the PRE_ORDER date picker creates deterministic active rounds and is idempotent","status":"passed","title":"creates deterministic active rounds and is idempotent","duration":16.022899999999936,"failureMessages":[],"meta":{}},{"ancestorTitles":["ensure_rounds_for_date — deterministic rounds for the PRE_ORDER date picker"],"fullName":"ensure_rounds_for_date — deterministic rounds for the PRE_ORDER date picker rejects a past date","status":"passed","title":"rejects a past date","duration":0.6715000000003783,"failureMessages":[],"meta":{}},{"ancestorTitles":["cancel_order — canonical cancellation (owner rules)"],"fullName":"cancel_order — canonical cancellation (owner rules) cancels a pending own order and releases round capacity","status":"passed","title":"cancels a pending own order and releases round capacity","duration":2.0357999999996537,"failureMessages":[],"meta":{}},{"ancestorTitles":["cancel_order — canonical cancellation (owner rules)"],"fullName":"cancel_order — canonical cancellation (owner rules) is idempotent for an already-cancelled order","status":"passed","title":"is idempotent for an already-cancelled order","duration":0.8091999999996915,"failureMessages":[],"meta":{}},{"ancestorTitles":["cancel_order — canonical cancellation (owner rules)"],"fullName":"cancel_order — canonical cancellation (owner rules) refuses to cancel a non-pending order (window passed semantics)","status":"passed","title":"refuses to cancel a non-pending order (window passed semantics)","duration":0.7971999999990658,"failureMessages":[],"meta":{}},{"ancestorTitles":["server mode gate — client cannot order a product in a forbidden mode"],"fullName":"server mode gate — client cannot order a product in a forbidden mode rejects PRE_ORDER for a same-day-only product","status":"passed","title":"rejects PRE_ORDER for a same-day-only product","duration":0.7127000000000407,"failureMessages":[],"meta":{}},{"ancestorTitles":["server mode gate — client cannot order a product in a forbidden mode"],"fullName":"server mode gate — client cannot order a product in a forbidden mode rejects SAME_DAY for a preorder-only product","status":"passed","title":"rejects SAME_DAY for a preorder-only product","duration":0.49070000000028813,"failureMessages":[],"meta":{}},{"ancestorTitles":["canonical payload hygiene"],"fullName":"canonical payload hygiene server ignores injected client money fields and derives its own totals","status":"passed","title":"server ignores injected client money fields and derives its own totals","duration":1.0451999999986583,"failureMessages":[],"meta":{}},{"ancestorTitles":["§18 tracking — no timer mutates status; refresh reflects server"],"fullName":"§18 tracking — no timer mutates status; refresh reflects server time passing alone never advances order state; only a server transition + refetch does","status":"passed","title":"time passing alone never advances order state; only a server transition + refetch does","duration":7.206299999999828,"failureMessages":[],"meta":{}},{"ancestorTitles":["§18 tracking — no timer mutates status; refresh reflects server"],"fullName":"§18 tracking — no timer mutates status; refresh reflects server the tracking read path is read-only: repeated polls never write rows","status":"passed","title":"the tracking read path is read-only: repeated polls never write rows","duration":19.34440000000177,"failureMessages":[],"meta":{}},{"ancestorTitles":["§18 delivery — forged client distance is input-only; no client money field"],"fullName":"§18 delivery — forged client distance is input-only; no client money field createOrder payload contains ONLY p_* inputs — no fee/total authority keys","status":"passed","title":"createOrder payload contains ONLY p_* inputs — no fee/total authority keys","duration":7.931699999999182,"failureMessages":[],"meta":{}},{"ancestorTitles":["§18 delivery — forged client distance is input-only; no client money field"],"fullName":"§18 delivery — forged client distance is input-only; no client money field forged distance cannot change the submitted order: subtotal stays product-price-derived","status":"passed","title":"forged distance cannot change the submitted order: subtotal stays product-price-derived","duration":0.9153999999998632,"failureMessages":[],"meta":{}},{"ancestorTitles":["§18 payment — COD never paid before delivery; Stripe server-only; retry reuses the order"],"fullName":"§18 payment — COD never paid before delivery; Stripe server-only; retry reuses the order COD order cannot be paid before delivered — confirm is rejected, status stays pending","status":"passed","title":"COD order cannot be paid before delivered — confirm is rejected, status stays pending","duration":1.6468000000004395,"failureMessages":[],"meta":{}},{"ancestorTitles":["§18 payment — COD never paid before delivery; Stripe server-only; retry reuses the order"],"fullName":"§18 payment — COD never paid before delivery; Stripe server-only; retry reuses the order money-out is refused on the client and card checkout only goes through the Edge Function","status":"passed","title":"money-out is refused on the client and card checkout only goes through the Edge Function","duration":1.8618999999998778,"failureMessages":[],"meta":{}},{"ancestorTitles":["§18 payment — COD never paid before delivery; Stripe server-only; retry reuses the order"],"fullName":"§18 payment — COD never paid before delivery; Stripe server-only; retry reuses the order retry after failure creates a new intent for the SAME order — no second order, no cart mutation","status":"passed","title":"retry after failure creates a new intent for the SAME order — no second order, no cart mutation","duration":171.26519999999982,"failureMessages":[],"meta":{}}],"startTime":1790437650106,"endTime":1790437650340.2651,"status":"passed","message":"","name":"D:/A PROJECT/Bite Me Baby/src/__tests__/canonicalOrderFlow.test.ts"},{"assertionResults":[{"ancestorTitles":["useCartStore — Cart Isolation Engine"],"fullName":"useCartStore — Cart Isolation Engine sets the order mode on the first addToCart","status":"passed","title":"sets the order mode on the first addToCart","duration":8.765199999999822,"failureMessages":[],"meta":{}},{"ancestorTitles":["useCartStore — Cart Isolation Engine"],"fullName":"useCartStore — Cart Isolation Engine appends matching-mode items without prompting","status":"passed","title":"appends matching-mode items without prompting","duration":3.326199999999517,"failureMessages":[],"meta":{}},{"ancestorTitles":["useCartStore — Cart Isolation Engine"],"fullName":"useCartStore — Cart Isolation Engine returns needs_confirmation and sets pendingMode on a mode mismatch","status":"passed","title":"returns needs_confirmation and sets pendingMode on a mode mismatch","duration":1.4750999999996566,"failureMessages":[],"meta":{}},{"ancestorTitles":["useCartStore — Cart Isolation Engine"],"fullName":"useCartStore — Cart Isolation Engine keeps the current cart when the user cancels the switch","status":"passed","title":"keeps the current cart when the user cancels the switch","duration":1.382900000000518,"failureMessages":[],"meta":{}},{"ancestorTitles":["useCartStore — Cart Isolation Engine"],"fullName":"useCartStore — Cart Isolation Engine clears the previous cart then switches mode when the user confirms","status":"passed","title":"clears the previous cart then switches mode when the user confirms","duration":1.6561000000001513,"failureMessages":[],"meta":{}},{"ancestorTitles":["useCartStore — Cart Isolation Engine"],"fullName":"useCartStore — Cart Isolation Engine addToCart is blocked while a switch is already pending","status":"passed","title":"addToCart is blocked while a switch is already pending","duration":0.9276999999992768,"failureMessages":[],"meta":{}}],"startTime":1790437674430,"endTime":1790437674447.9277,"status":"passed","message":"","name":"D:/A PROJECT/Bite Me Baby/src/__tests__/cartIsolationStore.test.ts"},{"assertionResults":[{"ancestorTitles":["zoneFeeForDistance (DEL-01 — fee จาก delivery_zones)"],"fullName":"zoneFeeForDistance (DEL-01 — fee จาก delivery_zones) picks the zone that contains the distance","status":"passed","title":"picks the zone that contains the distance","duration":2.2057999999997264,"failureMessages":[],"meta":{}},{"ancestorTitles":["zoneFeeForDistance (DEL-01 — fee จาก delivery_zones)"],"fullName":"zoneFeeForDistance (DEL-01 — fee จาก delivery_zones) returns null when no zone covers the distance","status":"passed","title":"returns null when no zone covers the distance","duration":0.37590000000000146,"failureMessages":[],"meta":{}},{"ancestorTitles":["zoneFeeForDistance (DEL-01 — fee จาก delivery_zones)"],"fullName":"zoneFeeForDistance (DEL-01 — fee จาก delivery_zones) §18 tier grid: <1 / 1 / 4.99 / 5 / >5 km (server-zone mirror)","status":"passed","title":"§18 tier grid: <1 / 1 / 4.99 / 5 / >5 km (server-zone mirror)","duration":0.5205000000005384,"failureMessages":[],"meta":{}},{"ancestorTitles":["zoneFeeForDistance (DEL-01 — fee จาก delivery_zones)"],"fullName":"zoneFeeForDistance (DEL-01 — fee จาก delivery_zones) honours is_active=false zones (admin disables a zone → fallthrough to next)","status":"passed","title":"honours is_active=false zones (admin disables a zone → fallthrough to next)","duration":0.2782999999999447,"failureMessages":[],"meta":{}},{"ancestorTitles":["localZoneFee (DEL-01 — offline mirror)"],"fullName":"localZoneFee (DEL-01 — offline mirror) computes server-style fee from drop-off coordinates","status":"passed","title":"computes server-style fee from drop-off coordinates","duration":0.37820000000010623,"failureMessages":[],"meta":{}},{"ancestorTitles":["localZoneFee (DEL-01 — offline mirror)"],"fullName":"localZoneFee (DEL-01 — offline mirror) uses the supplied distance when coordinates are absent","status":"passed","title":"uses the supplied distance when coordinates are absent","duration":0.23700000000008004,"failureMessages":[],"meta":{}}],"startTime":1790437695058,"endTime":1790437695063.237,"status":"passed","message":"","name":"D:/A PROJECT/Bite Me Baby/src/__tests__/deliveryFeeApi.test.ts"},{"assertionResults":[{"ancestorTitles":["deliveryRouter — Tier 1 Bite Drive (≤ max distance)"],"fullName":"deliveryRouter — Tier 1 Bite Drive (≤ max distance) routes a 3km drop to the own fleet with the flat fee and zero markup","status":"passed","title":"routes a 3km drop to the own fleet with the flat fee and zero markup","duration":4.803600000000188,"failureMessages":[],"meta":{}},{"ancestorTitles":["deliveryRouter — Tier 1 Bite Drive (≤ max distance)"],"fullName":"deliveryRouter — Tier 1 Bite Drive (≤ max distance) treats a drop exactly at the boundary distance as Bite Drive","status":"passed","title":"treats a drop exactly at the boundary distance as Bite Drive","duration":0.653400000000147,"failureMessages":[],"meta":{}},{"ancestorTitles":["deliveryRouter — Tier 2 third-party (beyond max distance)"],"fullName":"deliveryRouter — Tier 2 third-party (beyond max distance) injects the platform markup on top of the real-time external quote","status":"passed","title":"injects the platform markup on top of the real-time external quote","duration":0.9034999999994398,"failureMessages":[],"meta":{}},{"ancestorTitles":["deliveryRouter — Tier 2 third-party (beyond max distance)"],"fullName":"deliveryRouter — Tier 2 third-party (beyond max distance) falls back to an estimator fee when no external quote is supplied","status":"passed","title":"falls back to an estimator fee when no external quote is supplied","duration":3.3432000000002517,"failureMessages":[],"meta":{}},{"ancestorTitles":["deliveryRouter — geometry"],"fullName":"deliveryRouter — geometry Haversine returns ~0 for identical coordinates","status":"passed","title":"Haversine returns ~0 for identical coordinates","duration":0.5695000000005166,"failureMessages":[],"meta":{}},{"ancestorTitles":["deliveryRouter — geometry"],"fullName":"deliveryRouter — geometry Haversine computes a plausible cross-city distance","status":"passed","title":"Haversine computes a plausible cross-city distance","duration":0.7439999999996871,"failureMessages":[],"meta":{}}],"startTime":1790437682776,"endTime":1790437682787.744,"status":"passed","message":"","name":"D:/A PROJECT/Bite Me Baby/src/__tests__/deliveryRouter.test.ts"},{"assertionResults":[{"ancestorTitles":["useDeliveryRouter — reactive two-tier hub"],"fullName":"useDeliveryRouter — reactive two-tier hub evaluates a local drop to Bite Drive tier","status":"passed","title":"evaluates a local drop to Bite Drive tier","duration":5.820600000000013,"failureMessages":[],"meta":{}},{"ancestorTitles":["useDeliveryRouter — reactive two-tier hub"],"fullName":"useDeliveryRouter — reactive two-tier hub evaluates a far drop to the third-party tier","status":"passed","title":"evaluates a far drop to the third-party tier","duration":1.5608999999994921,"failureMessages":[],"meta":{}},{"ancestorTitles":["useDeliveryRouter — reactive two-tier hub"],"fullName":"useDeliveryRouter — reactive two-tier hub rejects a destination without finite coordinates","status":"passed","title":"rejects a destination without finite coordinates","duration":0.5209999999997308,"failureMessages":[],"meta":{}}],"startTime":1790437688311,"endTime":1790437688319.521,"status":"passed","message":"","name":"D:/A PROJECT/Bite Me Baby/src/__tests__/deliveryRouterStore.test.ts"},{"assertionResults":[{"ancestorTitles":["bomFeasibility (KIT-02 — availability จากสูตร)"],"fullName":"bomFeasibility (KIT-02 — availability จากสูตร) returns feasible when every ingredient covers the quantity","status":"passed","title":"returns feasible when every ingredient covers the quantity","duration":22.10069999999996,"failureMessages":[],"meta":{}},{"ancestorTitles":["bomFeasibility (KIT-02 — availability จากสูตร)"],"fullName":"bomFeasibility (KIT-02 — availability จากสูตร) flags infeasible + lists blocking ingredients when stock is short","status":"passed","title":"flags infeasible + lists blocking ingredients when stock is short","duration":2.54740000000038,"failureMessages":[],"meta":{}},{"ancestorTitles":["bomFeasibility (KIT-02 — availability จากสูตร)"],"fullName":"bomFeasibility (KIT-02 — availability จากสูตร) empty recipe = always feasible (no BOM defined yet)","status":"passed","title":"empty recipe = always feasible (no BOM defined yet)","duration":0.4309000000002925,"failureMessages":[],"meta":{}},{"ancestorTitles":["summarizeBatchItems (KIT-01 — งานต่อ batch ครัว)"],"fullName":"summarizeBatchItems (KIT-01 — งานต่อ batch ครัว) aggregates per-product totals and unique order count","status":"passed","title":"aggregates per-product totals and unique order count","duration":1.4760999999998603,"failureMessages":[],"meta":{}}],"startTime":1790437681414,"endTime":1790437681442.476,"status":"passed","message":"","name":"D:/A PROJECT/Bite Me Baby/src/__tests__/kitchenService.test.ts"},{"assertionResults":[{"ancestorTitles":["withRetry (PWA-02 — error/retry on critical flows)"],"fullName":"withRetry (PWA-02 — error/retry on critical flows) succeeds immediately on first attempt","status":"passed","title":"succeeds immediately on first attempt","duration":4.221499999999651,"failureMessages":[],"meta":{}},{"ancestorTitles":["withRetry (PWA-02 — error/retry on critical flows)"],"fullName":"withRetry (PWA-02 — error/retry on critical flows) retries a transient failure then succeeds","status":"passed","title":"retries a transient failure then succeeds","duration":24.84569999999985,"failureMessages":[],"meta":{}},{"ancestorTitles":["withRetry (PWA-02 — error/retry on critical flows)"],"fullName":"withRetry (PWA-02 — error/retry on critical flows) gives up after N retries","status":"passed","title":"gives up after N retries","duration":34.03319999999985,"failureMessages":[],"meta":{}},{"ancestorTitles":["isNetworkError (PWA-02 — offline detection heuristic)"],"fullName":"isNetworkError (PWA-02 — offline detection heuristic) recognises transport-level failures","status":"passed","title":"recognises transport-level failures","duration":1.106999999999971,"failureMessages":[],"meta":{}},{"ancestorTitles":["isNetworkError (PWA-02 — offline detection heuristic)"],"fullName":"isNetworkError (PWA-02 — offline detection heuristic) does not flag business errors as network errors","status":"passed","title":"does not flag business errors as network errors","duration":0.5874000000003434,"failureMessages":[],"meta":{}}],"startTime":1790437666863,"endTime":1790437666928.5874,"status":"passed","message":"","name":"D:/A PROJECT/Bite Me Baby/src/__tests__/offlineUtils.test.ts"},{"assertionResults":[{"ancestorTitles":["orderStateMachine — pure transition allow-list"],"fullName":"orderStateMachine — pure transition allow-list walks the full Same-Day chain forward","status":"passed","title":"walks the full Same-Day chain forward","duration":5.345399999999245,"failureMessages":[],"meta":{}},{"ancestorTitles":["orderStateMachine — pure transition allow-list"],"fullName":"orderStateMachine — pure transition allow-list walks the full Pre-Order chain forward","status":"passed","title":"walks the full Pre-Order chain forward","duration":0.7560000000003129,"failureMessages":[],"meta":{}},{"ancestorTitles":["orderStateMachine — pure transition allow-list"],"fullName":"orderStateMachine — pure transition allow-list denies skip-state jumps (Created → Delivered)","status":"passed","title":"denies skip-state jumps (Created → Delivered)","duration":0.3704999999999927,"failureMessages":[],"meta":{}},{"ancestorTitles":["orderStateMachine — pure transition allow-list"],"fullName":"orderStateMachine — pure transition allow-list denies backward transitions (Accepted → Created)","status":"passed","title":"denies backward transitions (Accepted → Created)","duration":0.31670000000030996,"failureMessages":[],"meta":{}},{"ancestorTitles":["orderStateMachine — pure transition allow-list"],"fullName":"orderStateMachine — pure transition allow-list denies passing a Same-Day state into the Pre-Order chain","status":"passed","title":"denies passing a Same-Day state into the Pre-Order chain","duration":0.34510000000045693,"failureMessages":[],"meta":{}},{"ancestorTitles":["orderStateMachine — pure transition allow-list"],"fullName":"orderStateMachine — pure transition allow-list blocks transition from a terminal state","status":"passed","title":"blocks transition from a terminal state","duration":0.42339999999967404,"failureMessages":[],"meta":{}},{"ancestorTitles":["orderStateMachine — pure transition allow-list"],"fullName":"orderStateMachine — pure transition allow-list allows admin cancel from a live state and failure only from Dispatched","status":"passed","title":"allows admin cancel from a live state and failure only from Dispatched","duration":0.4848999999994703,"failureMessages":[],"meta":{}},{"ancestorTitles":["orderStateMachine — pure transition allow-list"],"fullName":"orderStateMachine — pure transition allow-list returns the correct initial status per mode","status":"passed","title":"returns the correct initial status per mode","duration":0.4551999999994223,"failureMessages":[],"meta":{}},{"ancestorTitles":["useOrderStateMachine — reactive store"],"fullName":"useOrderStateMachine — reactive store advances through the chain and records history","status":"passed","title":"advances through the chain and records history","duration":4.05410000000029,"failureMessages":[],"meta":{}},{"ancestorTitles":["useOrderStateMachine — reactive store"],"fullName":"useOrderStateMachine — reactive store rejects an illegal jump","status":"passed","title":"rejects an illegal jump","duration":0.5596999999997934,"failureMessages":[],"meta":{}}],"startTime":1790437681258,"endTime":1790437681274.5598,"status":"passed","message":"","name":"D:/A PROJECT/Bite Me Baby/src/__tests__/orderStateMachine.test.ts"},{"assertionResults":[{"ancestorTitles":["orderVocabulary — canonical status mapping (PAY-04)"],"fullName":"orderVocabulary — canonical status mapping (PAY-04) every server status maps to a client display in BOTH modes (no orphan)","status":"passed","title":"every server status maps to a client display in BOTH modes (no orphan)","duration":8.083099999999831,"failureMessages":[],"meta":{}},{"ancestorTitles":["orderVocabulary — canonical status mapping (PAY-04)"],"fullName":"orderVocabulary — canonical status mapping (PAY-04) every client status maps back to a server status","status":"passed","title":"every client status maps back to a server status","duration":7.069300000000112,"failureMessages":[],"meta":{}},{"ancestorTitles":["orderVocabulary — canonical status mapping (PAY-04)"],"fullName":"orderVocabulary — canonical status mapping (PAY-04) provider <-> server mapping is complete and bidirectional","status":"passed","title":"provider <-> server mapping is complete and bidirectional","duration":3.1224999999994907,"failureMessages":[],"meta":{}},{"ancestorTitles":["orderVocabulary — canonical status mapping (PAY-04)"],"fullName":"orderVocabulary — canonical status mapping (PAY-04) every server status has a Thai UI label (no raw enum shown to customers)","status":"passed","title":"every server status has a Thai UI label (no raw enum shown to customers)","duration":5.844000000000051,"failureMessages":[],"meta":{}},{"ancestorTitles":["orderVocabulary — canonical status mapping (PAY-04)"],"fullName":"orderVocabulary — canonical status mapping (PAY-04) terminal/cancel special cases map exactly","status":"passed","title":"terminal/cancel special cases map exactly","duration":0.9700000000002547,"failureMessages":[],"meta":{}}],"startTime":1790437666447,"endTime":1790437666471.97,"status":"passed","message":"","name":"D:/A PROJECT/Bite Me Baby/src/__tests__/orderVocabulary.test.ts"},{"assertionResults":[{"ancestorTitles":["P0-5 Payment — server-authoritative intents"],"fullName":"P0-5 Payment — server-authoritative intents records non-card intents with the authoritative order amount","status":"passed","title":"records non-card intents with the authoritative order amount","duration":12.60950000000048,"failureMessages":[],"meta":{}},{"ancestorTitles":["P0-5 Payment — server-authoritative intents"],"fullName":"P0-5 Payment — server-authoritative intents refuses a client-supplied amount that does not match the order total","status":"passed","title":"refuses a client-supplied amount that does not match the order total","duration":5.633399999998801,"failureMessages":[],"meta":{}},{"ancestorTitles":["P0-5 Payment — server-authoritative intents"],"fullName":"P0-5 Payment — server-authoritative intents routes credit_card through the create-checkout Edge Function with the order number","status":"passed","title":"routes credit_card through the create-checkout Edge Function with the order number","duration":2.0320000000010623,"failureMessages":[],"meta":{}},{"ancestorTitles":["P0-5 Payment — server-authoritative intents"],"fullName":"P0-5 Payment — server-authoritative intents does NOT fabricate success when the checkout Edge Function is unavailable","status":"passed","title":"does NOT fabricate success when the checkout Edge Function is unavailable","duration":3.0102999999999156,"failureMessages":[],"meta":{}},{"ancestorTitles":["P0-5 Payment — server-authoritative intents"],"fullName":"P0-5 Payment — server-authoritative intents PromptPay: TXN submit → processing, then admin confirmation → paid (idempotent)","status":"passed","title":"PromptPay: TXN submit → processing, then admin confirmation → paid (idempotent)","duration":4.1644000000014785,"failureMessages":[],"meta":{}},{"ancestorTitles":["P0-5 Payment — server-authoritative intents"],"fullName":"P0-5 Payment — server-authoritative intents PromptPay: cannot confirm without a submitted TXN (intent still pending)","status":"passed","title":"PromptPay: cannot confirm without a submitted TXN (intent still pending)","duration":1.3074999999989814,"failureMessages":[],"meta":{}},{"ancestorTitles":["P0-5 Payment — server-authoritative intents"],"fullName":"P0-5 Payment — server-authoritative intents COD: can only be confirmed after the order is DELIVERED","status":"passed","title":"COD: can only be confirmed after the order is DELIVERED","duration":28.522500000000946,"failureMessages":[],"meta":{}},{"ancestorTitles":["P0-5 Payment — server-authoritative intents"],"fullName":"P0-5 Payment — server-authoritative intents record_payment_result: idempotent webhook + amount mismatch rejected","status":"passed","title":"record_payment_result: idempotent webhook + amount mismatch rejected","duration":1.7652999999991152,"failureMessages":[],"meta":{}},{"ancestorTitles":["P0-5 Payment — server-authoritative intents"],"fullName":"P0-5 Payment — server-authoritative intents 010 regression: checkout-created pending intent is NOT treated as an idempotent replay","status":"passed","title":"010 regression: checkout-created pending intent is NOT treated as an idempotent replay","duration":1.4879999999993743,"failureMessages":[],"meta":{}},{"ancestorTitles":["P0-6 Order state machine — allow-list enforcement"],"fullName":"P0-6 Order state machine — allow-list enforcement walks the forward fulfillment chain","status":"passed","title":"walks the forward fulfillment chain","duration":14.325000000000728,"failureMessages":[],"meta":{}},{"ancestorTitles":["P0-6 Order state machine — allow-list enforcement"],"fullName":"P0-6 Order state machine — allow-list enforcement denies skip-state jumps (pending → delivered)","status":"passed","title":"denies skip-state jumps (pending → delivered)","duration":1.4754000000011729,"failureMessages":[],"meta":{}},{"ancestorTitles":["P0-6 Order state machine — allow-list enforcement"],"fullName":"P0-6 Order state machine — allow-list enforcement denies backward transitions (confirmed → pending)","status":"passed","title":"denies backward transitions (confirmed → pending)","duration":3.0517999999992753,"failureMessages":[],"meta":{}},{"ancestorTitles":["P0-6 Order state machine — allow-list enforcement"],"fullName":"P0-6 Order state machine — allow-list enforcement allows admin cancel from preparing","status":"passed","title":"allows admin cancel from preparing","duration":6.300600000000486,"failureMessages":[],"meta":{}},{"ancestorTitles":["P0-6 Order state machine — allow-list enforcement"],"fullName":"P0-6 Order state machine — allow-list enforcement allows failed from in_transit","status":"passed","title":"allows failed from in_transit","duration":22.0637999999999,"failureMessages":[],"meta":{}},{"ancestorTitles":["P0-6 Order state machine — allow-list enforcement"],"fullName":"P0-6 Order state machine — allow-list enforcement mark_payment_failed flips pending/processing intents to failed","status":"passed","title":"mark_payment_failed flips pending/processing intents to failed","duration":1.4249999999992724,"failureMessages":[],"meta":{}}],"startTime":1790437659520,"endTime":1790437659630.425,"status":"passed","message":"","name":"D:/A PROJECT/Bite Me Baby/src/__tests__/paymentStateMachine.test.ts"},{"assertionResults":[{"ancestorTitles":["Phase 5 — AI-02 advanced guardrails"],"fullName":"Phase 5 — AI-02 advanced guardrails detects obfuscations / indirect injections","status":"passed","title":"detects obfuscations / indirect injections","duration":1078.0308999999997,"failureMessages":[],"meta":{}},{"ancestorTitles":["Phase 6 — CI-01 server-side customer intelligence"],"fullName":"Phase 6 — CI-01 server-side customer intelligence computes segment breakdown for the dashboard","status":"passed","title":"computes segment breakdown for the dashboard","duration":405.9441999999999,"failureMessages":[],"meta":{}},{"ancestorTitles":["Phase 6 — CI-01 server-side customer intelligence"],"fullName":"Phase 6 — CI-01 server-side customer intelligence memory merge keeps both keys after two saves (cross-cutting AI-03)","status":"passed","title":"memory merge keeps both keys after two saves (cross-cutting AI-03)","duration":174.7634999999991,"failureMessages":[],"meta":{}},{"ancestorTitles":["Phase 7 — CNT-01 content approval (no auto-publish)"],"fullName":"Phase 7 — CNT-01 content approval (no auto-publish) blocks publishing anything that is not approved","status":"passed","title":"blocks publishing anything that is not approved","duration":7.149499999999534,"failureMessages":[],"meta":{}},{"ancestorTitles":["Phase 7 — CNT-01 content approval (no auto-publish)"],"fullName":"Phase 7 — CNT-01 content approval (no auto-publish) submits a submission, reviews it, and the gate opens only after approval","status":"passed","title":"submits a submission, reviews it, and the gate opens only after approval","duration":2.563799999999901,"failureMessages":[],"meta":{}}],"startTime":1790437648598,"endTime":1790437650267.5637,"status":"passed","message":"","name":"D:/A PROJECT/Bite Me Baby/src/__tests__/phases5_7.test.ts"},{"assertionResults":[{"ancestorTitles":["provider registry (DEL-03)"],"fullName":"provider registry (DEL-03) registers all four channels with correct live statuses","status":"passed","title":"registers all four channels with correct live statuses","duration":4.815399999999499,"failureMessages":[],"meta":{}},{"ancestorTitles":["provider registry (DEL-03)"],"fullName":"provider registry (DEL-03) resolves an adapter per provider id","status":"passed","title":"resolves an adapter per provider id","duration":1.8135000000002037,"failureMessages":[],"meta":{}},{"ancestorTitles":["GrabAdapter (DEL-03 — plug-in ready)"],"fullName":"GrabAdapter (DEL-03 — plug-in ready) degrades to estimate when NO credentials (sandbox)","status":"passed","title":"degrades to estimate when NO credentials (sandbox)","duration":0.8877000000002226,"failureMessages":[],"meta":{}},{"ancestorTitles":["GrabAdapter (DEL-03 — plug-in ready)"],"fullName":"GrabAdapter (DEL-03 — plug-in ready) calls the live API when credentials exist (quote path)","status":"passed","title":"calls the live API when credentials exist (quote path)","duration":43.66149999999925,"failureMessages":[],"meta":{}},{"ancestorTitles":["GrabAdapter (DEL-03 — plug-in ready)"],"fullName":"GrabAdapter (DEL-03 — plug-in ready) falls back to estimate when a live call fails (quote must never break checkout)","status":"passed","title":"falls back to estimate when a live call fails (quote must never break checkout)","duration":1.578599999999824,"failureMessages":[],"meta":{}},{"ancestorTitles":["LinemanAdapter (DEL-03 — plug-in ready)"],"fullName":"LinemanAdapter (DEL-03 — plug-in ready) uses sandbox estimate without key","status":"passed","title":"uses sandbox estimate without key","duration":0.9875000000001819,"failureMessages":[],"meta":{}},{"ancestorTitles":["LinemanAdapter (DEL-03 — plug-in ready)"],"fullName":"LinemanAdapter (DEL-03 — plug-in ready) reads the live quotation when key present","status":"passed","title":"reads the live quotation when key present","duration":2.0583999999998923,"failureMessages":[],"meta":{}}],"startTime":1790437667340,"endTime":1790437667397.0583,"status":"passed","message":"","name":"D:/A PROJECT/Bite Me Baby/src/__tests__/providers.test.ts"},{"assertionResults":[{"ancestorTitles":["etaAccuracySummary (DEL-04 — tolerance ≤ 15 นาที/จุด)"],"fullName":"etaAccuracySummary (DEL-04 — tolerance ≤ 15 นาที/จุด) flags within-tolerance when every stop error ≤ 15 min","status":"passed","title":"flags within-tolerance when every stop error ≤ 15 min","duration":4.988600000000588,"failureMessages":[],"meta":{}},{"ancestorTitles":["etaAccuracySummary (DEL-04 — tolerance ≤ 15 นาที/จุด)"],"fullName":"etaAccuracySummary (DEL-04 — tolerance ≤ 15 นาที/จุด) flags out-of-tolerance when any stop exceeds 15 min error","status":"passed","title":"flags out-of-tolerance when any stop exceeds 15 min error","duration":0.639299999999821,"failureMessages":[],"meta":{}},{"ancestorTitles":["etaAccuracySummary (DEL-04 — tolerance ≤ 15 นาที/จุด)"],"fullName":"etaAccuracySummary (DEL-04 — tolerance ≤ 15 นาที/จุด) empty reports = within tolerance (no data yet)","status":"passed","title":"empty reports = within tolerance (no data yet)","duration":0.39910000000054424,"failureMessages":[],"meta":{}},{"ancestorTitles":["calibratedEtaMinutes (DEL-04 — learn from actual times)"],"fullName":"calibratedEtaMinutes (DEL-04 — learn from actual times) falls back to the stock heuristic without history","status":"passed","title":"falls back to the stock heuristic without history","duration":0.5,"failureMessages":[],"meta":{}},{"ancestorTitles":["calibratedEtaMinutes (DEL-04 — learn from actual times)"],"fullName":"calibratedEtaMinutes (DEL-04 — learn from actual times) uses observed minutes-per-km when samples exist","status":"passed","title":"uses observed minutes-per-km when samples exist","duration":0.33219999999982974,"failureMessages":[],"meta":{}}],"startTime":1790437695213,"endTime":1790437695221.3323,"status":"passed","message":"","name":"D:/A PROJECT/Bite Me Baby/src/__tests__/routeEta.test.ts"},{"assertionResults":[{"ancestorTitles":["stripe-refund EF logic"],"fullName":"stripe-refund EF logic rejects a refund that exceeds the remaining charge (full paid)","status":"passed","title":"rejects a refund that exceeds the remaining charge (full paid)","duration":4.211099999999533,"failureMessages":[],"meta":{}},{"ancestorTitles":["stripe-refund EF logic"],"fullName":"stripe-refund EF logic tracks partial refunds and recomputes the remaining amount","status":"passed","title":"tracks partial refunds and recomputes the remaining amount","duration":0.7550000000001091,"failureMessages":[],"meta":{}},{"ancestorTitles":["stripe-refund EF logic"],"fullName":"stripe-refund EF logic maps to full refund when total refunds reach the charged amount","status":"passed","title":"maps to full refund when total refunds reach the charged amount","duration":0.5646999999999025,"failureMessages":[],"meta":{}},{"ancestorTitles":["stripe-refund EF logic"],"fullName":"stripe-refund EF logic builds a deterministic idempotency key per (order, amount)","status":"passed","title":"builds a deterministic idempotency key per (order, amount)","duration":0.45199999999931606,"failureMessages":[],"meta":{}},{"ancestorTitles":["stripe-refund EF logic"],"fullName":"stripe-refund EF logic tolerates a missing/empty metadata ledger (fresh intent row)","status":"passed","title":"tolerates a missing/empty metadata ledger (fresh intent row)","duration":2.0194000000001324,"failureMessages":[],"meta":{}}],"startTime":1790437683006,"endTime":1790437683014.0193,"status":"passed","message":"","name":"D:/A PROJECT/Bite Me Baby/src/__tests__/stripeRefundLogic.test.ts"},{"assertionResults":[{"ancestorTitles":["Stripe webhook HMAC verification (WebCrypto)"],"fullName":"Stripe webhook HMAC verification (WebCrypto) accepts a valid HMAC signature (importKey + sign pattern)","status":"passed","title":"accepts a valid HMAC signature (importKey + sign pattern)","duration":68.31840000000011,"failureMessages":[],"meta":{}},{"ancestorTitles":["Stripe webhook HMAC verification (WebCrypto)"],"fullName":"Stripe webhook HMAC verification (WebCrypto) rejects a signature made with the wrong secret","status":"passed","title":"rejects a signature made with the wrong secret","duration":1.5815000000002328,"failureMessages":[],"meta":{}},{"ancestorTitles":["Stripe webhook HMAC verification (WebCrypto)"],"fullName":"Stripe webhook HMAC verification (WebCrypto) rejects a tampered body (signature does not match)","status":"passed","title":"rejects a tampered body (signature does not match)","duration":1.5150999999987107,"failureMessages":[],"meta":{}},{"ancestorTitles":["Stripe webhook HMAC verification (WebCrypto)"],"fullName":"Stripe webhook HMAC verification (WebCrypto) rejects an unsigned/incomplete header","status":"passed","title":"rejects an unsigned/incomplete header","duration":0.6612999999997555,"failureMessages":[],"meta":{}},{"ancestorTitles":["Stripe webhook HMAC verification (WebCrypto)"],"fullName":"Stripe webhook HMAC verification (WebCrypto) GUARDS the crypto.subtle.sign misuse: raw bytes are NOT a CryptoKey","status":"passed","title":"GUARDS the crypto.subtle.sign misuse: raw bytes are NOT a CryptoKey","duration":5.296099999999569,"failureMessages":[],"meta":{}}],"startTime":1790437649590,"endTime":1790437649668.2961,"status":"passed","message":"","name":"D:/A PROJECT/Bite Me Baby/src/__tests__/stripeWebhookSignature.test.ts"},{"assertionResults":[{"ancestorTitles":["addonDisplay"],"fullName":"addonDisplay getAddonForId finds the group by id","status":"passed","title":"getAddonForId finds the group by id","duration":4.837700000000041,"failureMessages":[],"meta":{}},{"ancestorTitles":["addonDisplay"],"fullName":"addonDisplay resolveAddOnLines renders checkbox & radio selections with prices","status":"passed","title":"resolveAddOnLines renders checkbox & radio selections with prices","duration":6.8585000000002765,"failureMessages":[],"meta":{}},{"ancestorTitles":["addonDisplay"],"fullName":"addonDisplay text-type add-ons render note and cost one unit","status":"passed","title":"text-type add-ons render note and cost one unit","duration":1.3047999999998865,"failureMessages":[],"meta":{}},{"ancestorTitles":["addonDisplay"],"fullName":"addonDisplay empty selections are skipped (radio/checkbox)","status":"passed","title":"empty selections are skipped (radio/checkbox)","duration":0.5862000000006446,"failureMessages":[],"meta":{}},{"ancestorTitles":["addonDisplay"],"fullName":"addonDisplay addOnTotalFor sums the add-on estimate","status":"passed","title":"addOnTotalFor sums the add-on estimate","duration":0.5684000000001106,"failureMessages":[],"meta":{}},{"ancestorTitles":["addonDisplay"],"fullName":"addonDisplay addOnSummaryText produces a readable one-liner","status":"passed","title":"addOnSummaryText produces a readable one-liner","duration":1.1070000000008804,"failureMessages":[],"meta":{}},{"ancestorTitles":["addonDisplay"],"fullName":"addonDisplay addOnLinesFromChoices supports order snapshots without full product","status":"passed","title":"addOnLinesFromChoices supports order snapshots without full product","duration":3.202299999999923,"failureMessages":[],"meta":{}}],"startTime":1790437675118,"endTime":1790437675137.2024,"status":"passed","message":"","name":"D:/A PROJECT/Bite Me Baby/src/.kilo/worktrees/satisfying-aphid/src/__tests__/addonDisplay.test.ts"},{"assertionResults":[{"ancestorTitles":["adminUi — role-based admin link"],"fullName":"adminUi — role-based admin link opens for any admin role regardless of email","status":"passed","title":"opens for any admin role regardless of email","duration":248.9467999999997,"failureMessages":[],"meta":{}},{"ancestorTitles":["adminUi — role-based admin link"],"fullName":"adminUi — role-based admin link keeps the legacy seeded admin emails as a fallback","status":"passed","title":"keeps the legacy seeded admin emails as a fallback","duration":1.2031000000006316,"failureMessages":[],"meta":{}},{"ancestorTitles":["adminUi — role-based admin link"],"fullName":"adminUi — role-based admin link stays closed for ordinary customers","status":"passed","title":"stays closed for ordinary customers","duration":0.9667000000008557,"failureMessages":[],"meta":{}},{"ancestorTitles":["adminUi — category heading slug + image source validation"],"fullName":"adminUi — category heading slug + image source validation slugifies category heading names","status":"passed","title":"slugifies category heading names","duration":1.1948999999985972,"failureMessages":[],"meta":{}},{"ancestorTitles":["adminUi — category heading slug + image source validation"],"fullName":"adminUi — category heading slug + image source validation falls back to a unique slug for non-latin headings","status":"passed","title":"falls back to a unique slug for non-latin headings","duration":1.076600000000326,"failureMessages":[],"meta":{}},{"ancestorTitles":["adminUi — category heading slug + image source validation"],"fullName":"adminUi — category heading slug + image source validation accepts data-URL uploads and http(s) image sources only","status":"passed","title":"accepts data-URL uploads and http(s) image sources only","duration":1.6581000000005588,"failureMessages":[],"meta":{}},{"ancestorTitles":["adminUi — admin navigation catalogue"],"fullName":"adminUi — admin navigation catalogue covers dashboard, products, media and content approvals","status":"passed","title":"covers dashboard, products, media and content approvals","duration":4.217999999998938,"failureMessages":[],"meta":{}},{"ancestorTitles":["PHASE 6 — category CRUD via admin API (Supabase mock)"],"fullName":"PHASE 6 — category CRUD via admin API (Supabase mock) creates, renames and deletes a category heading","status":"passed","title":"creates, renames and deletes a category heading","duration":14.018099999999322,"failureMessages":[],"meta":{}},{"ancestorTitles":["PHASE 7 — CNT-01 content approval gate"],"fullName":"PHASE 7 — CNT-01 content approval gate submits banner content for approval and opens the gate only after approval","status":"passed","title":"submits banner content for approval and opens the gate only after approval","duration":204.9937000000009,"failureMessages":[],"meta":{}},{"ancestorTitles":["PHASE 7 — CNT-01 content approval gate"],"fullName":"PHASE 7 — CNT-01 content approval gate keeps the publish gate closed for anything not approved","status":"passed","title":"keeps the publish gate closed for anything not approved","duration":1.4488000000001193,"failureMessages":[],"meta":{}},{"ancestorTitles":["PHASE 7 — CNT-01 content approval gate"],"fullName":"PHASE 7 — CNT-01 content approval gate saving a banner promotion routes it through the approval workflow","status":"passed","title":"saving a banner promotion routes it through the approval workflow","duration":131.0558000000001,"failureMessages":[],"meta":{}}],"startTime":1790437649646,"endTime":1790437650260.056,"status":"passed","message":"","name":"D:/A PROJECT/Bite Me Baby/src/.kilo/worktrees/satisfying-aphid/src/__tests__/adminUi.test.ts"},{"assertionResults":[{"ancestorTitles":["validateUserPrompt (AI-02 — injection/money-override rejection)"],"fullName":"validateUserPrompt (AI-02 — injection/money-override rejection) allows normal customer questions","status":"passed","title":"allows normal customer questions","duration":5.562300000000505,"failureMessages":[],"meta":{}},{"ancestorTitles":["validateUserPrompt (AI-02 — injection/money-override rejection)"],"fullName":"validateUserPrompt (AI-02 — injection/money-override rejection) rejects direct prompt injection (ignore instructions)","status":"passed","title":"rejects direct prompt injection (ignore instructions)","duration":0.9426000000003114,"failureMessages":[],"meta":{}},{"ancestorTitles":["validateUserPrompt (AI-02 — injection/money-override rejection)"],"fullName":"validateUserPrompt (AI-02 — injection/money-override rejection) rejects role-swap injection","status":"passed","title":"rejects role-swap injection","duration":4.828000000000429,"failureMessages":[],"meta":{}},{"ancestorTitles":["validateUserPrompt (AI-02 — injection/money-override rejection)"],"fullName":"validateUserPrompt (AI-02 — injection/money-override rejection) rejects stock/price/order/payment overrides","status":"passed","title":"rejects stock/price/order/payment overrides","duration":1.2130000000006476,"failureMessages":[],"meta":{}},{"ancestorTitles":["assertReadOnlyTool (AI-02 — tools are read-only)"],"fullName":"assertReadOnlyTool (AI-02 — tools are read-only) allows all registered read tools","status":"passed","title":"allows all registered read tools","duration":1.272899999999936,"failureMessages":[],"meta":{}},{"ancestorTitles":["assertReadOnlyTool (AI-02 — tools are read-only)"],"fullName":"assertReadOnlyTool (AI-02 — tools are read-only) refuses any non-read tool name","status":"passed","title":"refuses any non-read tool name","duration":1.713699999999335,"failureMessages":[],"meta":{}},{"ancestorTitles":["buildServerGuardrail (AI-02 — immutable server segment)"],"fullName":"buildServerGuardrail (AI-02 — immutable server segment) contains the money/stock non-negotiable rules","status":"passed","title":"contains the money/stock non-negotiable rules","duration":1.4782999999997628,"failureMessages":[],"meta":{}}],"startTime":1790437659580,"endTime":1790437659598.4783,"status":"passed","message":"","name":"D:/A PROJECT/Bite Me Baby/src/.kilo/worktrees/satisfying-aphid/src/__tests__/aiGuardrails.test.ts"},{"assertionResults":[{"ancestorTitles":["aiServerMemory (AI-03 — server memory + cross-device merge)"],"fullName":"aiServerMemory (AI-03 — server memory + cross-device merge) persists then reloads the same memory through the RPC (round-trip)","status":"passed","title":"persists then reloads the same memory through the RPC (round-trip)","duration":47.3125,"failureMessages":[],"meta":{}},{"ancestorTitles":["aiServerMemory (AI-03 — server memory + cross-device merge)"],"fullName":"aiServerMemory (AI-03 — server memory + cross-device merge) flattens local customer memory into the server shape","status":"passed","title":"flattens local customer memory into the server shape","duration":1.5666000000001077,"failureMessages":[],"meta":{}},{"ancestorTitles":["aiServerMemory (AI-03 — server memory + cross-device merge)"],"fullName":"aiServerMemory (AI-03 — server memory + cross-device merge) server memory wins over local on merged keys","status":"passed","title":"server memory wins over local on merged keys","duration":1.9642999999996391,"failureMessages":[],"meta":{}}],"startTime":1790437658162,"endTime":1790437658212.9644,"status":"passed","message":"","name":"D:/A PROJECT/Bite Me Baby/src/.kilo/worktrees/satisfying-aphid/src/__tests__/aiServerMemory.test.ts"},{"assertionResults":[{"ancestorTitles":["Products API"],"fullName":"Products API should get products","status":"passed","title":"should get products","duration":5.607899999999063,"failureMessages":[],"meta":{}},{"ancestorTitles":["Products API"],"fullName":"Products API should get product by id","status":"passed","title":"should get product by id","duration":3.4327999999986787,"failureMessages":[],"meta":{}},{"ancestorTitles":["Products API"],"fullName":"Products API should create product","status":"passed","title":"should create product","duration":1.2354000000013912,"failureMessages":[],"meta":{}},{"ancestorTitles":["Products API"],"fullName":"Products API should update product","status":"passed","title":"should update product","duration":3.336300000000847,"failureMessages":[],"meta":{}},{"ancestorTitles":["Products API"],"fullName":"Products API should delete product","status":"passed","title":"should delete product","duration":1.256199999999808,"failureMessages":[],"meta":{}},{"ancestorTitles":["Categories API"],"fullName":"Categories API should get categories","status":"passed","title":"should get categories","duration":0.8695999999999913,"failureMessages":[],"meta":{}},{"ancestorTitles":["Categories API"],"fullName":"Categories API should have required fields","status":"passed","title":"should have required fields","duration":0.9981000000007043,"failureMessages":[],"meta":{}},{"ancestorTitles":["Orders API"],"fullName":"Orders API should get orders","status":"passed","title":"should get orders","duration":0.9277000000001863,"failureMessages":[],"meta":{}},{"ancestorTitles":["Orders API"],"fullName":"Orders API should create order via server-authoritative RPC (INPUT ONLY)","status":"passed","title":"should create order via server-authoritative RPC (INPUT ONLY)","duration":6.2224999999998545,"failureMessages":[],"meta":{}},{"ancestorTitles":["Orders API"],"fullName":"Orders API should update order status","status":"passed","title":"should update order status","duration":99.9497999999985,"failureMessages":[],"meta":{}},{"ancestorTitles":["P0-4 Server-authoritative order (create_order_with_items)"],"fullName":"P0-4 Server-authoritative order (create_order_with_items) ignores client-supplied financial fields (price/subtotal/total tamper)","status":"passed","title":"ignores client-supplied financial fields (price/subtotal/total tamper)","duration":2.387400000001435,"failureMessages":[],"meta":{}},{"ancestorTitles":["P0-4 Server-authoritative order (create_order_with_items)"],"fullName":"P0-4 Server-authoritative order (create_order_with_items) uses current DB price when products.price changes (no client price)","status":"passed","title":"uses current DB price when products.price changes (no client price)","duration":1.1735000000007858,"failureMessages":[],"meta":{}},{"ancestorTitles":["P0-4 Server-authoritative order (create_order_with_items)"],"fullName":"P0-4 Server-authoritative order (create_order_with_items) rejects inactive product (ERR_PRODUCT_UNAVAILABLE)","status":"passed","title":"rejects inactive product (ERR_PRODUCT_UNAVAILABLE)","duration":0.8440999999984342,"failureMessages":[],"meta":{}},{"ancestorTitles":["P0-4 Server-authoritative order (create_order_with_items)"],"fullName":"P0-4 Server-authoritative order (create_order_with_items) rejects nonexistent product (ERR_PRODUCT_NOT_FOUND)","status":"passed","title":"rejects nonexistent product (ERR_PRODUCT_NOT_FOUND)","duration":0.7244000000009692,"failureMessages":[],"meta":{}},{"ancestorTitles":["P0-4 Server-authoritative order (create_order_with_items)"],"fullName":"P0-4 Server-authoritative order (create_order_with_items) rejects invalid quantity 0 / negative / >1000 (ERR_INVALID_QUANTITY)","status":"passed","title":"rejects invalid quantity 0 / negative / >1000 (ERR_INVALID_QUANTITY)","duration":1.0342000000000553,"failureMessages":[],"meta":{}},{"ancestorTitles":["P0-4 Server-authoritative order — capacity & atomicity"],"fullName":"P0-4 Server-authoritative order — capacity & atomicity rejects when round is full (ERR_CAPACITY_FULL) — no overselling","status":"passed","title":"rejects when round is full (ERR_CAPACITY_FULL) — no overselling","duration":1.1052999999992608,"failureMessages":[],"meta":{}},{"ancestorTitles":["P0-4 Server-authoritative order — capacity & atomicity"],"fullName":"P0-4 Server-authoritative order — capacity & atomicity rejects unknown / closed round (ERR_ROUND_NOT_FOUND / ERR_ROUND_CLOSED)","status":"passed","title":"rejects unknown / closed round (ERR_ROUND_NOT_FOUND / ERR_ROUND_CLOSED)","duration":0.9984999999996944,"failureMessages":[],"meta":{}},{"ancestorTitles":["P0-4 Server-authoritative order — capacity & atomicity"],"fullName":"P0-4 Server-authoritative order — capacity & atomicity rejects empty order and missing customer name","status":"passed","title":"rejects empty order and missing customer name","duration":0.7579999999998108,"failureMessages":[],"meta":{}},{"ancestorTitles":["P0-4 Server-authoritative order — capacity & atomicity"],"fullName":"P0-4 Server-authoritative order — capacity & atomicity applies authoritative promotion discount from promotions table only","status":"passed","title":"applies authoritative promotion discount from promotions table only","duration":1.0877000000000407,"failureMessages":[],"meta":{}},{"ancestorTitles":["P0-4 Server-authoritative order — capacity & atomicity"],"fullName":"P0-4 Server-authoritative order — capacity & atomicity atomicity: failed creation persists NO order and NO order_items (no orphans)","status":"passed","title":"atomicity: failed creation persists NO order and NO order_items (no orphans)","duration":1.111799999998766,"failureMessages":[],"meta":{}},{"ancestorTitles":["Storage Layer"],"fullName":"Storage Layer should set and get values","status":"passed","title":"should set and get values","duration":5.199000000000524,"failureMessages":[],"meta":{}},{"ancestorTitles":["Storage Layer"],"fullName":"Storage Layer should return default value if key not found","status":"passed","title":"should return default value if key not found","duration":0.8638000000009924,"failureMessages":[],"meta":{}},{"ancestorTitles":["Storage Layer"],"fullName":"Storage Layer should clear storage","status":"passed","title":"should clear storage","duration":0.7348999999994703,"failureMessages":[],"meta":{}},{"ancestorTitles":["Cart Store"],"fullName":"Cart Store should add item to cart","status":"passed","title":"should add item to cart","duration":253.09199999999873,"failureMessages":[],"meta":{}},{"ancestorTitles":["Cart Store"],"fullName":"Cart Store should clear cart","status":"passed","title":"should clear cart","duration":4.924699999999575,"failureMessages":[],"meta":{}},{"ancestorTitles":["Rewards Store"],"fullName":"Rewards Store should add loyalty points","status":"passed","title":"should add loyalty points","duration":64.503999999999,"failureMessages":[],"meta":{}},{"ancestorTitles":["Rewards Store"],"fullName":"Rewards Store should redeem points","status":"passed","title":"should redeem points","duration":1.535699999998542,"failureMessages":[],"meta":{}},{"ancestorTitles":["AI Model A Configuration"],"fullName":"AI Model A Configuration should use Nemotron-3-Ultra 550B (free) as Model A primary with Qwen 3.7 Flash fallback","status":"passed","title":"should use Nemotron-3-Ultra 550B (free) as Model A primary with Qwen 3.7 Flash fallback","duration":0.38040000000000873,"failureMessages":[],"meta":{}},{"ancestorTitles":["AI Model A Configuration"],"fullName":"AI Model A Configuration chatWithAI should fall back to Qwen 3.7 Flash when Nemotron-3-Ultra 550B (free) fails (via ai-proxy EF)","status":"passed","title":"chatWithAI should fall back to Qwen 3.7 Flash when Nemotron-3-Ultra 550B (free) fails (via ai-proxy EF)","duration":498.73209999999926,"failureMessages":[],"meta":{}},{"ancestorTitles":["External Delivery Providers — offline sandbox logic"],"fullName":"External Delivery Providers — offline sandbox logic calculates provider cost from base + distance + item fee","status":"passed","title":"calculates provider cost from base + distance + item fee","duration":106.94770000000062,"failureMessages":[],"meta":{}},{"ancestorTitles":["External Delivery Providers — offline sandbox logic"],"fullName":"External Delivery Providers — offline sandbox logic returns -1 when distance is outside provider range","status":"passed","title":"returns -1 when distance is outside provider range","duration":1.0522999999993772,"failureMessages":[],"meta":{}},{"ancestorTitles":["External Delivery Providers — offline sandbox logic"],"fullName":"External Delivery Providers — offline sandbox logic selects the cheapest provider within coverage","status":"passed","title":"selects the cheapest provider within coverage","duration":1.4649000000008527,"failureMessages":[],"meta":{}},{"ancestorTitles":["External Delivery Providers — offline sandbox logic"],"fullName":"External Delivery Providers — offline sandbox logic returns null when no provider covers the dropoff","status":"passed","title":"returns null when no provider covers the dropoff","duration":0.7436999999990803,"failureMessages":[]
[...]
pure transition allow-list"],"fullName":"orderStateMachine — pure transition allow-list walks the full Same-Day chain forward","status":"passed","title":"walks the full Same-Day chain forward","duration":4.602300000000469,"failureMessages":[],"meta":{}},{"ancestorTitles":["orderStateMachine — pure transition allow-list"],"fullName":"orderStateMachine — pure transition allow-list walks the full Pre-Order chain forward","status":"passed","title":"walks the full Pre-Order chain forward","duration":0.7073999999993248,"failureMessages":[],"meta":{}},{"ancestorTitles":["orderStateMachine — pure transition allow-list"],"fullName":"orderStateMachine — pure transition allow-list denies skip-state jumps (Created → Delivered)","status":"passed","title":"denies skip-state jumps (Created → Delivered)","duration":0.34289999999964493,"failureMessages":[],"meta":{}},{"ancestorTitles":["orderStateMachine — pure transition allow-list"],"fullName":"orderStateMachine — pure transition allow-list denies backward transitions (Accepted → Created)","status":"passed","title":"denies backward transitions (Accepted → Created)","duration":0.8825000000006185,"failureMessages":[],"meta":{}},{"ancestorTitles":["orderStateMachine — pure transition allow-list"],"fullName":"orderStateMachine — pure transition allow-list denies passing a Same-Day state into the Pre-Order chain","status":"passed","title":"denies passing a Same-Day state into the Pre-Order chain","duration":0.5183999999999287,"failureMessages":[],"meta":{}},{"ancestorTitles":["orderStateMachine — pure transition allow-list"],"fullName":"orderStateMachine — pure transition allow-list blocks transition from a terminal state","status":"passed","title":"blocks transition from a terminal state","duration":0.4639999999999418,"failureMessages":[],"meta":{}},{"ancestorTitles":["orderStateMachine — pure transition allow-list"],"fullName":"orderStateMachine — pure transition allow-list allows admin cancel from a live state and failure only from Dispatched","status":"passed","title":"allows admin cancel from a live state and failure only from Dispatched","duration":0.7545000000000073,"failureMessages":[],"meta":{}},{"ancestorTitles":["orderStateMachine — pure transition allow-list"],"fullName":"orderStateMachine — pure transition allow-list returns the correct initial status per mode","status":"passed","title":"returns the correct initial status per mode","duration":0.7010999999993146,"failureMessages":[],"meta":{}},{"ancestorTitles":["useOrderStateMachine — reactive store"],"fullName":"useOrderStateMachine — reactive store advances through the chain and records history","status":"passed","title":"advances through the chain and records history","duration":3,"failureMessages":[],"meta":{}},{"ancestorTitles":["useOrderStateMachine — reactive store"],"fullName":"useOrderStateMachine — reactive store rejects an illegal jump","status":"passed","title":"rejects an illegal jump","duration":0.5163000000002285,"failureMessages":[],"meta":{}}],"startTime":1790437675862,"endTime":1790437675876.5164,"status":"passed","message":"","name":"D:/A PROJECT/Bite Me Baby/src/.kilo/worktrees/satisfying-aphid/src/__tests__/orderStateMachine.test.ts"},{"assertionResults":[{"ancestorTitles":["orderVocabulary — canonical status mapping (PAY-04)"],"fullName":"orderVocabulary — canonical status mapping (PAY-04) every server status maps to a client display in BOTH modes (no orphan)","status":"passed","title":"every server status maps to a client display in BOTH modes (no orphan)","duration":7.497100000000501,"failureMessages":[],"meta":{}},{"ancestorTitles":["orderVocabulary — canonical status mapping (PAY-04)"],"fullName":"orderVocabulary — canonical status mapping (PAY-04) every client status maps back to a server status","status":"passed","title":"every client status maps back to a server status","duration":10.069299999999203,"failureMessages":[],"meta":{}},{"ancestorTitles":["orderVocabulary — canonical status mapping (PAY-04)"],"fullName":"orderVocabulary — canonical status mapping (PAY-04) provider <-> server mapping is complete and bidirectional","status":"passed","title":"provider <-> server mapping is complete and bidirectional","duration":2.7174999999997453,"failureMessages":[],"meta":{}},{"ancestorTitles":["orderVocabulary — canonical status mapping (PAY-04)"],"fullName":"orderVocabulary — canonical status mapping (PAY-04) every server status has a Thai UI label (no raw enum shown to customers)","status":"passed","title":"every server status has a Thai UI label (no raw enum shown to customers)","duration":3.8344999999999345,"failureMessages":[],"meta":{}},{"ancestorTitles":["orderVocabulary — canonical status mapping (PAY-04)"],"fullName":"orderVocabulary — canonical status mapping (PAY-04) terminal/cancel special cases map exactly","status":"passed","title":"terminal/cancel special cases map exactly","duration":1.0984000000007654,"failureMessages":[],"meta":{}}],"startTime":1790437668193,"endTime":1790437668219.0984,"status":"passed","message":"","name":"D:/A PROJECT/Bite Me Baby/src/.kilo/worktrees/satisfying-aphid/src/__tests__/orderVocabulary.test.ts"},{"assertionResults":[{"ancestorTitles":["P0-5 Payment — server-authoritative intents"],"fullName":"P0-5 Payment — server-authoritative intents records non-card intents with the authoritative order amount","status":"passed","title":"records non-card intents with the authoritative order amount","duration":12.441899999999805,"failureMessages":[],"meta":{}},{"ancestorTitles":["P0-5 Payment — server-authoritative intents"],"fullName":"P0-5 Payment — server-authoritative intents refuses a client-supplied amount that does not match the order total","status":"passed","title":"refuses a client-supplied amount that does not match the order total","duration":4.0625,"failureMessages":[],"meta":{}},{"ancestorTitles":["P0-5 Payment — server-authoritative intents"],"fullName":"P0-5 Payment — server-authoritative intents routes credit_card through the create-checkout Edge Function with the order number","status":"passed","title":"routes credit_card through the create-checkout Edge Function with the order number","duration":2.0755000000008295,"failureMessages":[],"meta":{}},{"ancestorTitles":["P0-5 Payment — server-authoritative intents"],"fullName":"P0-5 Payment — server-authoritative intents does NOT fabricate success when the checkout Edge Function is unavailable","status":"passed","title":"does NOT fabricate success when the checkout Edge Function is unavailable","duration":1.2579999999998108,"failureMessages":[],"meta":{}},{"ancestorTitles":["P0-5 Payment — server-authoritative intents"],"fullName":"P0-5 Payment — server-authoritative intents PromptPay: TXN submit → processing, then admin confirmation → paid (idempotent)","status":"passed","title":"PromptPay: TXN submit → processing, then admin confirmation → paid (idempotent)","duration":3.529099999999744,"failureMessages":[],"meta":{}},{"ancestorTitles":["P0-5 Payment — server-authoritative intents"],"fullName":"P0-5 Payment — server-authoritative intents PromptPay: cannot confirm without a submitted TXN (intent still pending)","status":"passed","title":"PromptPay: cannot confirm without a submitted TXN (intent still pending)","duration":1.3991000000005442,"failureMessages":[],"meta":{}},{"ancestorTitles":["P0-5 Payment — server-authoritative intents"],"fullName":"P0-5 Payment — server-authoritative intents COD: can only be confirmed after the order is DELIVERED","status":"passed","title":"COD: can only be confirmed after the order is DELIVERED","duration":26.141999999999825,"failureMessages":[],"meta":{}},{"ancestorTitles":["P0-5 Payment — server-authoritative intents"],"fullName":"P0-5 Payment — server-authoritative intents record_payment_result: idempotent webhook + amount mismatch rejected","status":"passed","title":"record_payment_result: idempotent webhook + amount mismatch rejected","duration":1.8320000000003347,"failureMessages":[],"meta":{}},{"ancestorTitles":["P0-5 Payment — server-authoritative intents"],"fullName":"P0-5 Payment — server-authoritative intents 010 regression: checkout-created pending intent is NOT treated as an idempotent replay","status":"passed","title":"010 regression: checkout-created pending intent is NOT treated as an idempotent replay","duration":1.828299999999217,"failureMessages":[],"meta":{}},{"ancestorTitles":["P0-6 Order state machine — allow-list enforcement"],"fullName":"P0-6 Order state machine — allow-list enforcement walks the forward fulfillment chain","status":"passed","title":"walks the forward fulfillment chain","duration":16.11410000000069,"failureMessages":[],"meta":{}},{"ancestorTitles":["P0-6 Order state machine — allow-list enforcement"],"fullName":"P0-6 Order state machine — allow-list enforcement denies skip-state jumps (pending → delivered)","status":"passed","title":"denies skip-state jumps (pending → delivered)","duration":5.152200000000448,"failureMessages":[],"meta":{}},{"ancestorTitles":["P0-6 Order state machine — allow-list enforcement"],"fullName":"P0-6 Order state machine — allow-list enforcement denies backward transitions (confirmed → pending)","status":"passed","title":"denies backward transitions (confirmed → pending)","duration":3.5987999999997555,"failureMessages":[],"meta":{}},{"ancestorTitles":["P0-6 Order state machine — allow-list enforcement"],"fullName":"P0-6 Order state machine — allow-list enforcement allows admin cancel from preparing","status":"passed","title":"allows admin cancel from preparing","duration":4.722000000001572,"failureMessages":[],"meta":{}},{"ancestorTitles":["P0-6 Order state machine — allow-list enforcement"],"fullName":"P0-6 Order state machine — allow-list enforcement allows failed from in_transit","status":"passed","title":"allows failed from in_transit","duration":11.4437999999991,"failureMessages":[],"meta":{}},{"ancestorTitles":["P0-6 Order state machine — allow-list enforcement"],"fullName":"P0-6 Order state machine — allow-list enforcement mark_payment_failed flips pending/processing intents to failed","status":"passed","title":"mark_payment_failed flips pending/processing intents to failed","duration":1.1198000000003958,"failureMessages":[],"meta":{}}],"startTime":1790437659580,"endTime":1790437659679.1199,"status":"passed","message":"","name":"D:/A PROJECT/Bite Me Baby/src/.kilo/worktrees/satisfying-aphid/src/__tests__/paymentStateMachine.test.ts"},{"assertionResults":[{"ancestorTitles":["Phase 5 — AI-02 advanced guardrails"],"fullName":"Phase 5 — AI-02 advanced guardrails detects obfuscations / indirect injections","status":"passed","title":"detects obfuscations / indirect injections","duration":21.800999999999476,"failureMessages":[],"meta":{}},{"ancestorTitles":["Phase 6 — CI-01 server-side customer intelligence"],"fullName":"Phase 6 — CI-01 server-side customer intelligence computes segment breakdown for the dashboard","status":"passed","title":"computes segment breakdown for the dashboard","duration":34.6919999999991,"failureMessages":[],"meta":{}},{"ancestorTitles":["Phase 6 — CI-01 server-side customer intelligence"],"fullName":"Phase 6 — CI-01 server-side customer intelligence memory merge keeps both keys after two saves (cross-cutting AI-03)","status":"passed","title":"memory merge keeps both keys after two saves (cross-cutting AI-03)","duration":21.94970000000103,"failureMessages":[],"meta":{}},{"ancestorTitles":["Phase 7 — CNT-01 content approval (no auto-publish)"],"fullName":"Phase 7 — CNT-01 content approval (no auto-publish) blocks publishing anything that is not approved","status":"passed","title":"blocks publishing anything that is not approved","duration":7.384099999999307,"failureMessages":[],"meta":{}},{"ancestorTitles":["Phase 7 — CNT-01 content approval (no auto-publish)"],"fullName":"Phase 7 — CNT-01 content approval (no auto-publish) submits a submission, reviews it, and the gate opens only after approval","status":"passed","title":"submits a submission, reviews it, and the gate opens only after approval","duration":2.463999999999942,"failureMessages":[],"meta":{}}],"startTime":1790437659506,"endTime":1790437659595.464,"status":"passed","message":"","name":"D:/A PROJECT/Bite Me Baby/src/.kilo/worktrees/satisfying-aphid/src/__tests__/phases5_7.test.ts"},{"assertionResults":[{"ancestorTitles":["provider registry (DEL-03)"],"fullName":"provider registry (DEL-03) registers all four channels with correct live statuses","status":"passed","title":"registers all four channels with correct live statuses","duration":7.657200000000557,"failureMessages":[],"meta":{}},{"ancestorTitles":["provider registry (DEL-03)"],"fullName":"provider registry (DEL-03) resolves an adapter per provider id","status":"passed","title":"resolves an adapter per provider id","duration":2.2642000000005282,"failureMessages":[],"meta":{}},{"ancestorTitles":["GrabAdapter (DEL-03 — plug-in ready)"],"fullName":"GrabAdapter (DEL-03 — plug-in ready) degrades to estimate when NO credentials (sandbox)","status":"passed","title":"degrades to estimate when NO credentials (sandbox)","duration":0.9467000000004191,"failureMessages":[],"meta":{}},{"ancestorTitles":["GrabAdapter (DEL-03 — plug-in ready)"],"fullName":"GrabAdapter (DEL-03 — plug-in ready) calls the live API when credentials exist (quote path)","status":"passed","title":"calls the live API when credentials exist (quote path)","duration":15.36449999999968,"failureMessages":[],"meta":{}},{"ancestorTitles":["GrabAdapter (DEL-03 — plug-in ready)"],"fullName":"GrabAdapter (DEL-03 — plug-in ready) falls back to estimate when a live call fails (quote must never break checkout)","status":"passed","title":"falls back to estimate when a live call fails (quote must never break checkout)","duration":1.7937999999994645,"failureMessages":[],"meta":{}},{"ancestorTitles":["LinemanAdapter (DEL-03 — plug-in ready)"],"fullName":"LinemanAdapter (DEL-03 — plug-in ready) uses sandbox estimate without key","status":"passed","title":"uses sandbox estimate without key","duration":1.007300000000214,"failureMessages":[],"meta":{}},{"ancestorTitles":["LinemanAdapter (DEL-03 — plug-in ready)"],"fullName":"LinemanAdapter (DEL-03 — plug-in ready) reads the live quotation when key present","status":"passed","title":"reads the live quotation when key present","duration":1.1001999999998588,"failureMessages":[],"meta":{}}],"startTime":1790437667330,"endTime":1790437667362.1,"status":"passed","message":"","name":"D:/A PROJECT/Bite Me Baby/src/.kilo/worktrees/satisfying-aphid/src/__tests__/providers.test.ts"},{"assertionResults":[{"ancestorTitles":["etaAccuracySummary (DEL-04 — tolerance ≤ 15 นาที/จุด)"],"fullName":"etaAccuracySummary (DEL-04 — tolerance ≤ 15 นาที/จุด) flags within-tolerance when every stop error ≤ 15 min","status":"passed","title":"flags within-tolerance when every stop error ≤ 15 min","duration":4.170000000000073,"failureMessages":[],"meta":{}},{"ancestorTitles":["etaAccuracySummary (DEL-04 — tolerance ≤ 15 นาที/จุด)"],"fullName":"etaAccuracySummary (DEL-04 — tolerance ≤ 15 นาที/จุด) flags out-of-tolerance when any stop exceeds 15 min error","status":"passed","title":"flags out-of-tolerance when any stop exceeds 15 min error","duration":0.5632999999997992,"failureMessages":[],"meta":{}},{"ancestorTitles":["etaAccuracySummary (DEL-04 — tolerance ≤ 15 นาที/จุด)"],"fullName":"etaAccuracySummary (DEL-04 — tolerance ≤ 15 นาที/จุด) empty reports = within tolerance (no data yet)","status":"passed","title":"empty reports = within tolerance (no data yet)","duration":0.3926999999994223,"failureMessages":[],"meta":{}},{"ancestorTitles":["calibratedEtaMinutes (DEL-04 — learn from actual times)"],"fullName":"calibratedEtaMinutes (DEL-04 — learn from actual times) falls back to the stock heuristic without history","status":"passed","title":"falls back to the stock heuristic without history","duration":0.5640000000003056,"failureMessages":[],"meta":{}},{"ancestorTitles":["calibratedEtaMinutes (DEL-04 — learn from actual times)"],"fullName":"calibratedEtaMinutes (DEL-04 — learn from actual times) uses observed minutes-per-km when samples exist","status":"passed","title":"uses observed minutes-per-km when samples exist","duration":0.38739999999961583,"failureMessages":[],"meta":{}}],"startTime":1790437690342,"endTime":1790437690348.564,"status":"passed","message":"","name":"D:/A PROJECT/Bite Me Baby/src/.kilo/worktrees/satisfying-aphid/src/__tests__/routeEta.test.ts"},{"assertionResults":[{"ancestorTitles":["stripe-refund EF logic"],"fullName":"stripe-refund EF logic rejects a refund that exceeds the remaining charge (full paid)","status":"passed","title":"rejects a refund that exceeds the remaining charge (full paid)","duration":3.768000000000029,"failureMessages":[],"meta":{}},{"ancestorTitles":["stripe-refund EF logic"],"fullName":"stripe-refund EF logic tracks partial refunds and recomputes the remaining amount","status":"passed","title":"tracks partial refunds and recomputes the remaining amount","duration":0.6014999999997599,"failureMessages":[],"meta":{}},{"ancestorTitles":["stripe-refund EF logic"],"fullName":"stripe-refund EF logic maps to full refund when total refunds reach the charged amount","status":"passed","title":"maps to full refund when total refunds reach the charged amount","duration":0.4425999999994019,"failureMessages":[],"meta":{}},{"ancestorTitles":["stripe-refund EF logic"],"fullName":"stripe-refund EF logic builds a deterministic idempotency key per (order, amount)","status":"passed","title":"builds a deterministic idempotency key per (order, amount)","duration":0.3819999999996071,"failureMessages":[],"meta":{}},{"ancestorTitles":["stripe-refund EF logic"],"fullName":"stripe-refund EF logic tolerates a missing/empty metadata ledger (fresh intent row)","status":"passed","title":"tolerates a missing/empty metadata ledger (fresh intent row)","duration":3.360399999999572,"failureMessages":[],"meta":{}}],"startTime":1790437689960,"endTime":1790437689968.3604,"status":"passed","message":"","name":"D:/A PROJECT/Bite Me Baby/src/.kilo/worktrees/satisfying-aphid/src/__tests__/stripeRefundLogic.test.ts"},{"assertionResults":[{"ancestorTitles":["Stripe webhook HMAC verification (WebCrypto)"],"fullName":"Stripe webhook HMAC verification (WebCrypto) accepts a valid HMAC signature (importKey + sign pattern)","status":"passed","title":"accepts a valid HMAC signature (importKey + sign pattern)","duration":69.35459999999966,"failureMessages":[],"meta":{}},{"ancestorTitles":["Stripe webhook HMAC verification (WebCrypto)"],"fullName":"Stripe webhook HMAC verification (WebCrypto) rejects a signature made with the wrong secret","status":"passed","title":"rejects a signature made with the wrong secret","duration":1.5448999999998705,"failureMessages":[],"meta":{}},{"ancestorTitles":["Stripe webhook HMAC verification (WebCrypto)"],"fullName":"Stripe webhook HMAC verification (WebCrypto) rejects a tampered body (signature does not match)","status":"passed","title":"rejects a tampered body (signature does not match)","duration":1.3594999999995707,"failureMessages":[],"meta":{}},{"ancestorTitles":["Stripe webhook HMAC verification (WebCrypto)"],"fullName":"Stripe webhook HMAC verification (WebCrypto) rejects an unsigned/incomplete header","status":"passed","title":"rejects an unsigned/incomplete header","duration":0.6148000000002867,"failureMessages":[],"meta":{}},{"ancestorTitles":["Stripe webhook HMAC verification (WebCrypto)"],"fullName":"Stripe webhook HMAC verification (WebCrypto) GUARDS the crypto.subtle.sign misuse: raw bytes are NOT a CryptoKey","status":"passed","title":"GUARDS the crypto.subtle.sign misuse: raw bytes are NOT a CryptoKey","duration":5.569100000000617,"failureMessages":[],"meta":{}}],"startTime":1790437665738,"endTime":1790437665816.569,"status":"passed","message":"","name":"D:/A PROJECT/Bite Me Baby/src/.kilo/worktrees/satisfying-aphid/src/__tests__/stripeWebhookSignature.test.ts"}]}